*----------------------------------------------------------------------------------------
*	Encounter 13.13-s017_1 (64bit) 07/30/2013 13:03 (Linux 2.6)
*	
*
* 	Date & Time:	2026-May-09 19:04:44 (2026-May-09 17:04:44 GMT)
*
*----------------------------------------------------------------------------------------
*
*	Design: RISCV_superscalar
*
*	Liberty Libraries used: 
*	        /opt/ams/liberty/c35_1.8V/c35_CORELIB_BC.lib
*	        /opt/ams/liberty/c35_1.8V/c35_IOLIB_3B_BC.lib
*
*	Power Domain used: 
*		Rail:       vdd! 	Voltage:       1.98 
*
*       Power View : analysis_view_hold
*
*       User-Defined Activity : N.A.
*
*       Activity File: N.A.
*
*       Hierarchical Global Activity: N.A.
*
*       Global Activity: N.A.
*
*       Sequential Element Activity: N.A.
*
*       Primary Input Activity: 0.200000
*
*       Default icg ratio: N.A.
*
*       Global Comb ClockGate Ratio: N.A.
*
*	Power Units = 1mW
*
*	Time Units = 1e-09 secs 
*
*       report_power -outfile reports/power.rpt
*
-----------------------------------------------------------------------------------------


Total Power 
-----------------------------------------------------------------------------------------
Total Internal Power:       23.29756051 	   43.5743%
Total Switching Power:      30.16873371 	   56.4257%
Total Leakage Power:         0.00000563 	    0.0000%
Total Power:                53.46629992 
-----------------------------------------------------------------------------------------


Group                           Internal   Switching     Leakage       Total  Percentage 
                                Power      Power         Power         Power  (%)        
-----------------------------------------------------------------------------------------
Sequential                         7.644       3.658    1.49e-06        11.3       21.14 
Macro                                  0           0           0           0           0 
IO                                     0           0           0           0           0 
Combinational                      13.78       21.93   4.069e-06       35.71       66.79 
Clock (Combinational)              1.876       4.578   7.084e-08       6.453       12.07 
Clock (Sequential)                     0           0           0           0           0 
-----------------------------------------------------------------------------------------
Total                               23.3       30.17   5.631e-06       53.47         100 
-----------------------------------------------------------------------------------------


Rail                  Voltage   Internal   Switching     Leakage       Total  Percentage 
                                Power      Power         Power         Power  (%)        
-----------------------------------------------------------------------------------------
vdd!                     1.98       23.3       30.17   5.631e-06       53.47         100 


Clock                           Internal   Switching     Leakage       Total  Percentage 
                                Power      Power         Power         Power  (%)        
-----------------------------------------------------------------------------------------
my_clock                           1.876       4.578   7.084e-08       6.453       12.07 
-----------------------------------------------------------------------------------------
Total (excluding duplicates)       1.876       4.578   7.084e-08       6.453       12.07 
-----------------------------------------------------------------------------------------


-----------------------------------------------------------------------------------------
*	Power Distribution Summary: 
* 		Highest Average Power:              clock__L3_I0 (CLKBU15): 	   0.07467 
* 		Highest Leakage Power: DATA_PATH/CSR_unit_i/CSR_inst_reg_31 (DFEC3): 	  8.68e-10 
* 		Total Cap: 	1.46697e-09 F
* 		Total instances in design: 25116
* 		Total instances in design with no power:     0
*          Total instances in design with no activity:     0
* 		Total Fillers and Decap:     0
-----------------------------------------------------------------------------------------

