###############################################################
#  Generated by:      Cadence Encounter 13.13-s017_1
#  OS:                Linux x86_64(Host ID mandrill)
#  Generated on:      Sat May  9 19:03:51 2026
#  Design:            RISCV_superscalar
#  Command:           report_timing > reports/timing.rpt
###############################################################
Path 1: MET Hold Check with Pin DATA_PATH/id_i_0/Instruction_REG/q_reg_16/C 
Endpoint:   DATA_PATH/id_i_0/Instruction_REG/q_reg_16/D (^) checked with  
leading edge of 'my_clock'
Beginpoint: instruction[16]                             (^) triggered by  
leading edge of '@'
Analysis View: analysis_view_hold
Other End Arrival Time          0.734
+ Hold                          0.004
+ Phase Shift                   0.000
- CPPR Adjustment               0.000
= Required Time                 0.739
  Arrival Time                  0.792
  Slack Time                    0.053
     Clock Rise Edge                      0.000
     + Input Delay                        0.000
     = Beginpoint Arrival Time            0.000
     +-----------------------------------------------------------------------------------------------------+ 
     |                 Instance                  |        Arc        |  Cell  | Delay | Arrival | Required | 
     |                                           |                   |        |       |  Time   |   Time   | 
     |-------------------------------------------+-------------------+--------+-------+---------+----------| 
     |                                           | instruction[16] ^ |        |       |   0.000 |   -0.053 | 
     | FE_PHC14318_instruction_16                | A ^ -> Q ^        | BUF2   | 0.131 |   0.131 |    0.079 | 
     | FE_PHC14180_instruction_16                | A ^ -> Q ^        | CLKBU2 | 0.143 |   0.275 |    0.222 | 
     | FE_PHC14061_instruction_16                | A ^ -> Q ^        | CLKBU2 | 0.143 |   0.418 |    0.365 | 
     | FE_PHC13896_instruction_16                | A ^ -> Q ^        | CLKBU2 | 0.213 |   0.631 |    0.578 | 
     | U3314                                     | C ^ -> Q v        | NAND33 | 0.039 |   0.669 |    0.617 | 
     | U3313                                     | C v -> Q ^        | OAI212 | 0.122 |   0.792 |    0.739 | 
     | DATA_PATH/id_i_0/Instruction_REG/q_reg_16 | D ^               | DFC3   | 0.000 |   0.792 |    0.739 | 
     +-----------------------------------------------------------------------------------------------------+ 

