Vivado Simulator v2025.2
Copyright 1986-2022 Xilinx, Inc. All Rights Reserved.
Copyright 2022-2025 Advanced Micro Devices, Inc. All Rights Reserved.
Running: C:/AMDDesignTools/2025.2/Vivado/bin/unwrapped/win64.o/xelab.exe --incr --debug typical --relax --mt 2 -L xil_defaultlib -L secureip --snapshot RISCV_pipeline_tb_behav xil_defaultlib.RISCV_pipeline_tb -log elaborate.log 
Using 2 slave threads.
Starting static elaboration
Completed static elaboration
Starting simulation data flow analysis
Completed simulation data flow analysis
Time Resolution for simulation is 1ps
Compiling package std.standard
Compiling package std.textio
Compiling package ieee.std_logic_1164
Compiling package ieee.numeric_std
Compiling package xil_defaultlib.riscv_package
Compiling package xil_defaultlib.util_package
Compiling architecture behavioral of entity xil_defaultlib.ControlPath [controlpath_default]
Compiling architecture behavioral of entity xil_defaultlib.RegisterNbits [\RegisterNbits(init_value=419430...]
Compiling architecture behavioral of entity xil_defaultlib.RegisterNbits [registernbits_default]
Compiling architecture behavioral of entity xil_defaultlib.RegisterNbits [\RegisterNbits(init_value=16384)...]
Compiling architecture structural of entity xil_defaultlib.RegisterFile [registerfile_default]
Compiling architecture behavioral of entity xil_defaultlib.shift_unit [shift_unit_default]
Compiling architecture behavioral of entity xil_defaultlib.ALU [alu_default]
Compiling architecture arch2 of entity xil_defaultlib.ImmediateDataExtractor [immediatedataextractor_default]
Compiling architecture behavioral of entity xil_defaultlib.Stage_ID [stage_id_default]
Compiling architecture behavioral of entity xil_defaultlib.RegisterNbits [\RegisterNbits(length=5)\]
Compiling architecture behavioral of entity xil_defaultlib.Stage_EX [stage_ex_default]
Compiling architecture behavioral of entity xil_defaultlib.Stage_MEM [stage_mem_default]
Compiling architecture behavioral of entity xil_defaultlib.Stage_WB [stage_wb_default]
Compiling architecture arch1 of entity xil_defaultlib.Forwarding_unit [forwarding_unit_default]
Compiling architecture arch1 of entity xil_defaultlib.HazardDetection_unit [hazarddetection_unit_default]
Compiling architecture arch1 of entity xil_defaultlib.BranchDetection_unit [branchdetection_unit_default]
Compiling architecture behavioral of entity xil_defaultlib.BTB [btb_default]
Compiling architecture structural of entity xil_defaultlib.DataPath [\DataPath(pc_start_address=41943...]
Compiling architecture structural of entity xil_defaultlib.RISCV_pipeline [riscv_pipeline_default]
Compiling architecture behavioral of entity xil_defaultlib.Memory [\Memory(size=100,start_address="...]
Compiling architecture behavioral of entity xil_defaultlib.Memory [\Memory(size=100,start_address="...]
Compiling architecture structural of entity xil_defaultlib.riscv_pipeline_tb
Built simulation snapshot RISCV_pipeline_tb_behav
