Copyright 1986-2022 Xilinx, Inc. All Rights Reserved. Copyright 2022-2025 Advanced Micro Devices, Inc. All Rights Reserved.
--------------------------------------------------------------------------------------------------------------------------------------------------------------------------------------------------------------------
| Tool Version : Vivado v.2025.1 (win64) Build 6140274 Thu May 22 00:12:29 MDT 2025
| Date         : Sun May 10 16:00:21 2026
| Host         : DESKTOP-7DCFGKU running 64-bit major release  (build 9200)
| Command      : report_methodology -file RISCV_superscalar_fpga_top_methodology_drc_routed.rpt -pb RISCV_superscalar_fpga_top_methodology_drc_routed.pb -rpx RISCV_superscalar_fpga_top_methodology_drc_routed.rpx
| Design       : RISCV_superscalar_fpga_top
| Device       : xc7a100tcsg324-1
| Speed File   : -1
| Design State : Fully Routed
--------------------------------------------------------------------------------------------------------------------------------------------------------------------------------------------------------------------

Report Methodology

Table of Contents
-----------------
1. REPORT SUMMARY
2. REPORT DETAILS

1. REPORT SUMMARY
-----------------
            Netlist: netlist
          Floorplan: design_1
      Design limits: <entire design considered>
             Max checks: <unlimited>
             Checks found: 5
+-----------+------------------+------------------------------------------------------------------+--------+
| Rule      | Severity         | Description                                                      | Checks |
+-----------+------------------+------------------------------------------------------------------+--------+
| TIMING-6  | Critical Warning | No common primary clock between related clocks                   | 2      |
| LUTAR-1   | Warning          | LUT drives async reset alert                                     | 1      |
| TIMING-56 | Warning          | Missing logically or physically excluded clock groups constraint | 2      |
+-----------+------------------+------------------------------------------------------------------+--------+

2. REPORT DETAILS
-----------------
TIMING-6#1 Critical Warning
No common primary clock between related clocks  
The clocks clk_out1_clk_wiz_0 and clk_out1_clk_wiz_0_1 are related (timed together) but they have no common primary clock. The design could fail in hardware. To find a timing path between these clocks, run the following command: report_timing -from [get_clocks clk_out1_clk_wiz_0] -to [get_clocks clk_out1_clk_wiz_0_1]
Related violations: <none>

TIMING-6#2 Critical Warning
No common primary clock between related clocks  
The clocks clk_out1_clk_wiz_0_1 and clk_out1_clk_wiz_0 are related (timed together) but they have no common primary clock. The design could fail in hardware. To find a timing path between these clocks, run the following command: report_timing -from [get_clocks clk_out1_clk_wiz_0_1] -to [get_clocks clk_out1_clk_wiz_0]
Related violations: <none>

LUTAR-1#1 Warning
LUT drives async reset alert  
LUT cell UART/btb_valid[15]_i_2, with 2 or more inputs, drives asynchronous preset/clear pin(s) DUV/DATA_PATH/gen_duplicate[1].wb_i/CSR_reg/q_reg[3]/CLR,
DUV/DATA_PATH/gen_duplicate[1].wb_i/CSR_reg/q_reg[4]/CLR,
DUV/DATA_PATH/gen_duplicate[1].wb_i/CSR_reg/q_reg[5]/CLR,
DUV/DATA_PATH/gen_duplicate[1].wb_i/CSR_reg/q_reg[6]/CLR,
DUV/DATA_PATH/gen_duplicate[1].wb_i/CSR_reg/q_reg[7]/CLR,
DUV/DATA_PATH/gen_duplicate[1].wb_i/CSR_reg/q_reg[8]/CLR,
DUV/DATA_PATH/gen_duplicate[1].wb_i/CSR_reg/q_reg[9]/CLR,
DUV/DATA_PATH/gen_duplicate[1].wb_i/uins_out_reg[MemToReg]/CLR,
DUV/DATA_PATH/gen_duplicate[1].wb_i/uins_out_reg[RegWrite]/CLR,
DUV/DATA_PATH/gen_duplicate[1].wb_i/uins_out_reg[instruction][0]/PRE,
DUV/DATA_PATH/gen_duplicate[1].wb_i/uins_out_reg[instruction][1]/PRE,
DUV/DATA_PATH/gen_duplicate[1].wb_i/uins_out_reg[instruction][2]/PRE,
DUV/DATA_PATH/gen_duplicate[1].wb_i/uins_out_reg[instruction][3]/PRE,
DUV/DATA_PATH/gen_duplicate[1].wb_i/uins_out_reg[instruction][4]/CLR,
DUV/DATA_PATH/gen_duplicate[1].wb_i/uins_out_reg[instruction][5]/PRE
 (the first 15 of 2033 listed). The LUT may glitch and trigger an unexpected reset, even if it is a properly timed path.
Related violations: <none>

TIMING-56#1 Warning
Missing logically or physically excluded clock groups constraint  
Multiple clocks are user generated or auto-derived on the source pin PLL_inst/inst/mmcm_adv_inst/CLKFBOUT but are not logically or physically exclusive with respect to one another. To have the static timing analysis match the behavior in hardware, there cannot be multiple clocks generated on the same pin and when such situation occurs, the clocks should be defined as physically or logically exclusive. The list of clocks generated on the source pin is: clkfbout_clk_wiz_0, clkfbout_clk_wiz_0_1
Related violations: <none>

TIMING-56#2 Warning
Missing logically or physically excluded clock groups constraint  
Multiple clocks are user generated or auto-derived on the source pin PLL_inst/inst/mmcm_adv_inst/CLKOUT0 but are not logically or physically exclusive with respect to one another. To have the static timing analysis match the behavior in hardware, there cannot be multiple clocks generated on the same pin and when such situation occurs, the clocks should be defined as physically or logically exclusive. The list of clocks generated on the source pin is: clk_out1_clk_wiz_0, clk_out1_clk_wiz_0_1
Related violations: <none>


