INST Memory_2_ports__GB0 PIN 11408: INST Memory_2_ports__GB3 PIN 3055 TYPE 5
INST Memory_2_ports__GB3 PIN 3984: INST RISCV_superscalar_fpga_top__GC0 PIN 30 TYPE 5
INST Memory_2_ports__GB3 PIN 3985: INST RISCV_superscalar_fpga_top__GC0 PIN 31 TYPE 5
INST Memory_2_ports__GB3 PIN 4016: INST RISCV_superscalar_fpga_top__GC0 PIN 101 TYPE 5
INST Memory_2_ports__GB3 PIN 4017: INST RISCV_superscalar_fpga_top__GC0 PIN 102 TYPE 5
INST RISCV_superscalar_fpga_top__GC0 PIN 95: INST Memory_2_ports__GB3 PIN 769 TYPE 3 INST Memory_2_ports__GB2 PIN 3105 TYPE 4 INST Memory_2_ports__GB1 PIN 4069 TYPE 4 INST Memory_2_ports__GB0 PIN 6305 TYPE 4
INST RISCV_superscalar_fpga_top__GC0 PIN 96: INST Memory_2_ports__GB3 PIN 770 TYPE 3 INST Memory_2_ports__GB2 PIN 3106 TYPE 4 INST Memory_2_ports__GB1 PIN 4070 TYPE 4 INST Memory_2_ports__GB0 PIN 6306 TYPE 4
INST RISCV_superscalar_fpga_top__GC0 PIN 97: INST Memory_2_ports__GB3 PIN 771 TYPE 3 INST Memory_2_ports__GB2 PIN 3107 TYPE 4 INST Memory_2_ports__GB1 PIN 4071 TYPE 4 INST Memory_2_ports__GB0 PIN 6307 TYPE 4
INST RISCV_superscalar_fpga_top__GC0 PIN 98: INST Memory_2_ports__GB3 PIN 772 TYPE 3 INST Memory_2_ports__GB2 PIN 3108 TYPE 4 INST Memory_2_ports__GB1 PIN 4072 TYPE 4 INST Memory_2_ports__GB0 PIN 6308 TYPE 4
INST RISCV_superscalar_fpga_top__GC0 PIN 99: INST Memory_2_ports__GB3 PIN 773 TYPE 3 INST Memory_2_ports__GB2 PIN 3109 TYPE 4 INST Memory_2_ports__GB1 PIN 4073 TYPE 4 INST Memory_2_ports__GB0 PIN 6309 TYPE 4
INST RISCV_superscalar_fpga_top__GC0 PIN 100: INST Memory_2_ports__GB3 PIN 774 TYPE 3 INST Memory_2_ports__GB2 PIN 3110 TYPE 4 INST Memory_2_ports__GB1 PIN 4074 TYPE 4 INST Memory_2_ports__GB0 PIN 6310 TYPE 4
INST RISCV_superscalar_fpga_top__GC0 PIN 23: INST Memory_2_ports__GB3 PIN 2279 TYPE 3 INST Memory_2_ports__GB2 PIN 3111 TYPE 4 INST Memory_2_ports__GB1 PIN 4427 TYPE 4 INST Memory_2_ports__GB0 PIN 11367 TYPE 4
INST RISCV_superscalar_fpga_top__GC0 PIN 24: INST Memory_2_ports__GB3 PIN 2280 TYPE 3 INST Memory_2_ports__GB2 PIN 3112 TYPE 4 INST Memory_2_ports__GB1 PIN 4428 TYPE 4 INST Memory_2_ports__GB0 PIN 11368 TYPE 4
INST RISCV_superscalar_fpga_top__GC0 PIN 25: INST Memory_2_ports__GB3 PIN 2281 TYPE 3 INST Memory_2_ports__GB2 PIN 3113 TYPE 4 INST Memory_2_ports__GB1 PIN 4429 TYPE 4 INST Memory_2_ports__GB0 PIN 11369 TYPE 4
INST RISCV_superscalar_fpga_top__GC0 PIN 26: INST Memory_2_ports__GB3 PIN 2282 TYPE 3 INST Memory_2_ports__GB2 PIN 3114 TYPE 4 INST Memory_2_ports__GB1 PIN 4430 TYPE 4 INST Memory_2_ports__GB0 PIN 11370 TYPE 4
INST RISCV_superscalar_fpga_top__GC0 PIN 27: INST Memory_2_ports__GB3 PIN 2283 TYPE 3 INST Memory_2_ports__GB2 PIN 3115 TYPE 4 INST Memory_2_ports__GB1 PIN 4431 TYPE 4 INST Memory_2_ports__GB0 PIN 11371 TYPE 4
INST RISCV_superscalar_fpga_top__GC0 PIN 28: INST Memory_2_ports__GB3 PIN 2284 TYPE 3 INST Memory_2_ports__GB2 PIN 3116 TYPE 4 INST Memory_2_ports__GB1 PIN 4432 TYPE 4 INST Memory_2_ports__GB0 PIN 11372 TYPE 4
INST RISCV_superscalar_fpga_top__GC0 PIN 29: INST Memory_2_ports__GB3 PIN 2285 TYPE 3 INST Memory_2_ports__GB2 PIN 3117 TYPE 4 INST Memory_2_ports__GB1 PIN 4433 TYPE 4 INST Memory_2_ports__GB0 PIN 11373 TYPE 4
INST Memory_2_ports__GB3 PIN 769: GENOME Memory_2_ports__GB3 PIN 769
INST Memory_2_ports__GB3 PIN 770: GENOME Memory_2_ports__GB3 PIN 770
INST Memory_2_ports__GB3 PIN 771: GENOME Memory_2_ports__GB3 PIN 771
INST Memory_2_ports__GB3 PIN 772: GENOME Memory_2_ports__GB3 PIN 772
INST Memory_2_ports__GB3 PIN 773: GENOME Memory_2_ports__GB3 PIN 773
INST Memory_2_ports__GB3 PIN 774: GENOME Memory_2_ports__GB3 PIN 774
INST Memory_2_ports__GB3 PIN 2279: GENOME Memory_2_ports__GB3 PIN 2279
INST Memory_2_ports__GB3 PIN 2280: GENOME Memory_2_ports__GB3 PIN 2280
INST Memory_2_ports__GB3 PIN 2281: GENOME Memory_2_ports__GB3 PIN 2281
INST Memory_2_ports__GB3 PIN 2282: GENOME Memory_2_ports__GB3 PIN 2282
INST Memory_2_ports__GB3 PIN 2283: GENOME Memory_2_ports__GB3 PIN 2283
INST Memory_2_ports__GB3 PIN 2284: GENOME Memory_2_ports__GB3 PIN 2284
INST Memory_2_ports__GB3 PIN 2285: GENOME Memory_2_ports__GB3 PIN 2285
GENOME NON_GENOME PIN 4009: GENOME NON_GENOME PIN 768
GENOME NON_GENOME PIN 768: GENOME NON_GENOME PIN 4009
GENOME NON_GENOME PIN 4010: GENOME NON_GENOME PIN 769
GENOME NON_GENOME PIN 769: GENOME NON_GENOME PIN 4010
GENOME NON_GENOME PIN 4011: GENOME NON_GENOME PIN 770
GENOME NON_GENOME PIN 770: GENOME NON_GENOME PIN 4011
GENOME NON_GENOME PIN 4012: GENOME NON_GENOME PIN 771
GENOME NON_GENOME PIN 771: GENOME NON_GENOME PIN 4012
GENOME NON_GENOME PIN 4013: GENOME NON_GENOME PIN 772
GENOME NON_GENOME PIN 772: GENOME NON_GENOME PIN 4013
GENOME NON_GENOME PIN 4014: GENOME NON_GENOME PIN 773
GENOME NON_GENOME PIN 773: GENOME NON_GENOME PIN 4014
GENOME NON_GENOME PIN 4015: GENOME NON_GENOME PIN 774
GENOME NON_GENOME PIN 774: GENOME NON_GENOME PIN 4015
GENOME NON_GENOME PIN 3977: GENOME NON_GENOME PIN 2279
GENOME NON_GENOME PIN 2279: GENOME NON_GENOME PIN 3977
GENOME NON_GENOME PIN 3978: GENOME NON_GENOME PIN 2280
GENOME NON_GENOME PIN 2280: GENOME NON_GENOME PIN 3978
GENOME NON_GENOME PIN 3979: GENOME NON_GENOME PIN 2281
GENOME NON_GENOME PIN 2281: GENOME NON_GENOME PIN 3979
GENOME NON_GENOME PIN 3980: GENOME NON_GENOME PIN 2282
GENOME NON_GENOME PIN 2282: GENOME NON_GENOME PIN 3980
GENOME NON_GENOME PIN 3981: GENOME NON_GENOME PIN 2283
GENOME NON_GENOME PIN 2283: GENOME NON_GENOME PIN 3981
GENOME NON_GENOME PIN 3982: GENOME NON_GENOME PIN 2284
GENOME NON_GENOME PIN 2284: GENOME NON_GENOME PIN 3982
GENOME NON_GENOME PIN 3983: GENOME NON_GENOME PIN 2285
GENOME NON_GENOME PIN 2285: GENOME NON_GENOME PIN 3983
INST RISCV_superscalar_fpga_top__GC0 PIN 30: GENOME RISCV_superscalar_fpga_top__GC0 PIN 30
INST RISCV_superscalar_fpga_top__GC0 PIN 31: GENOME RISCV_superscalar_fpga_top__GC0 PIN 31
INST RISCV_superscalar_fpga_top__GC0 PIN 64: GENOME RISCV_superscalar_fpga_top__GC0 PIN 64
INST RISCV_superscalar_fpga_top__GC0 PIN 65: GENOME RISCV_superscalar_fpga_top__GC0 PIN 65
INST RISCV_superscalar_fpga_top__GC0 PIN 66: GENOME RISCV_superscalar_fpga_top__GC0 PIN 66
INST RISCV_superscalar_fpga_top__GC0 PIN 101: GENOME RISCV_superscalar_fpga_top__GC0 PIN 101
INST RISCV_superscalar_fpga_top__GC0 PIN 102: GENOME RISCV_superscalar_fpga_top__GC0 PIN 102
GENOME NON_GENOME PIN 65: GENOME NON_GENOME PIN 64
GENOME NON_GENOME PIN 64: GENOME NON_GENOME PIN 65
REEXTRACT_GENOME: GENOME Memory_2_ports__GB3 GENOME Memory_2_ports__GB0 GENOME Memory_2_ports__GB2 GENOME RISCV_superscalar_fpga_top__GC0
Memory_2_ports__GB3: GENOME Memory_2_ports__GB0 GENOME Memory_2_ports__GB2 GENOME RISCV_superscalar_fpga_top__GC0 GENOME RISCV_superscalar_fpga_top_GT0 GENOME RISCV_superscalar_fpga_top_GT1 GENOME RISCV_superscalar_fpga_top_GT2
Memory_2_ports__GB0: GENOME Memory_2_ports__GB3 GENOME Memory_2_ports__GB2 GENOME RISCV_superscalar_fpga_top__GC0 GENOME RISCV_superscalar_fpga_top_GT0 GENOME RISCV_superscalar_fpga_top_GT1 GENOME RISCV_superscalar_fpga_top_GT2
Memory_2_ports__GB2: GENOME Memory_2_ports__GB3 GENOME Memory_2_ports__GB0 GENOME RISCV_superscalar_fpga_top__GC0 GENOME RISCV_superscalar_fpga_top_GT0 GENOME RISCV_superscalar_fpga_top_GT1 GENOME RISCV_superscalar_fpga_top_GT2
RISCV_superscalar_fpga_top__GC0: GENOME Memory_2_ports__GB3 GENOME Memory_2_ports__GB0 GENOME Memory_2_ports__GB2 GENOME RISCV_superscalar_fpga_top_GT0 GENOME RISCV_superscalar_fpga_top_GT1 GENOME RISCV_superscalar_fpga_top_GT2
DISSOLVE_GENOME: GENOME Memory_2_ports__GB3 GENOME Memory_2_ports__GB0 GENOME Memory_2_ports__GB2 GENOME RISCV_superscalar_fpga_top__GC0
INST RISCV_superscalar_fpga_top_GT0 PIN 4363: INST RISCV_superscalar_fpga_top_GT1 PIN 3290 TYPE 5
