
*** Running vivado
    with args -log RISCV_superscalar_fpga_top.vdi -applog -m64 -product Vivado -messageDb vivado.pb -mode batch -source RISCV_superscalar_fpga_top.tcl -notrace



****** Vivado v2025.1 (64-bit)
  **** SW Build 6140274 on Thu May 22 00:12:29 MDT 2025
  **** IP Build 6138677 on Thu May 22 03:10:11 MDT 2025
  **** SharedData Build 6139179 on Tue May 20 17:58:58 MDT 2025
  **** Start of session at: Sun May 10 15:54:01 2026
    ** Copyright 1986-2022 Xilinx, Inc. All Rights Reserved.
    ** Copyright 2022-2025 Advanced Micro Devices, Inc. All Rights Reserved.

source RISCV_superscalar_fpga_top.tcl -notrace
create_project: Time (s): cpu = 00:00:09 ; elapsed = 00:00:07 . Memory (MB): peak = 491.461 ; gain = 212.223
Command: link_design -top RISCV_superscalar_fpga_top -part xc7a100tcsg324-1
Design is defaulting to srcset: sources_1
Design is defaulting to constrset: constrs_1
INFO: [Device 21-403] Loading part xc7a100tcsg324-1
INFO: [Project 1-5699] Read binary netlist with skipMacroContent - 1
INFO: [Project 1-454] Reading design checkpoint 'c:/Users/Bruno/OneDrive/Documents/ENSEIRB/S8/Projet-Thematique/riscv-superscalar/fpga_riscv-superscalar/fpga_riscv-superscalar.gen/sources_1/ip/clk_wiz_0/clk_wiz_0.dcp' for cell 'PLL_inst'
Netlist sorting complete. Time (s): cpu = 00:00:00 ; elapsed = 00:00:00.403 . Memory (MB): peak = 778.609 ; gain = 0.000
INFO: [Netlist 29-17] Analyzing 2464 Unisim elements for replacement
INFO: [Netlist 29-28] Unisim Transformation completed in 0 CPU seconds
INFO: [Project 1-479] Netlist was created with Vivado 2025.1
INFO: [Project 1-570] Preparing netlist for logic optimization
Parsing XDC File [c:/Users/Bruno/OneDrive/Documents/ENSEIRB/S8/Projet-Thematique/riscv-superscalar/fpga_riscv-superscalar/fpga_riscv-superscalar.gen/sources_1/ip/clk_wiz_0/clk_wiz_0_board.xdc] for cell 'PLL_inst/inst'
Finished Parsing XDC File [c:/Users/Bruno/OneDrive/Documents/ENSEIRB/S8/Projet-Thematique/riscv-superscalar/fpga_riscv-superscalar/fpga_riscv-superscalar.gen/sources_1/ip/clk_wiz_0/clk_wiz_0_board.xdc] for cell 'PLL_inst/inst'
Parsing XDC File [c:/Users/Bruno/OneDrive/Documents/ENSEIRB/S8/Projet-Thematique/riscv-superscalar/fpga_riscv-superscalar/fpga_riscv-superscalar.gen/sources_1/ip/clk_wiz_0/clk_wiz_0.xdc] for cell 'PLL_inst/inst'
INFO: [Timing 38-35] Done setting XDC timing constraints. [c:/Users/Bruno/OneDrive/Documents/ENSEIRB/S8/Projet-Thematique/riscv-superscalar/fpga_riscv-superscalar/fpga_riscv-superscalar.gen/sources_1/ip/clk_wiz_0/clk_wiz_0.xdc:54]
INFO: [Timing 38-2] Deriving generated clocks [c:/Users/Bruno/OneDrive/Documents/ENSEIRB/S8/Projet-Thematique/riscv-superscalar/fpga_riscv-superscalar/fpga_riscv-superscalar.gen/sources_1/ip/clk_wiz_0/clk_wiz_0.xdc:54]
get_clocks: Time (s): cpu = 00:00:08 ; elapsed = 00:00:08 . Memory (MB): peak = 1524.355 ; gain = 587.332
Finished Parsing XDC File [c:/Users/Bruno/OneDrive/Documents/ENSEIRB/S8/Projet-Thematique/riscv-superscalar/fpga_riscv-superscalar/fpga_riscv-superscalar.gen/sources_1/ip/clk_wiz_0/clk_wiz_0.xdc] for cell 'PLL_inst/inst'
Parsing XDC File [C:/Users/Bruno/OneDrive/Documents/ENSEIRB/S8/Projet-Thematique/riscv-superscalar/fpga_riscv-superscalar/fpga_riscv-superscalar.srcs/constrs_1/new/NexysA7_100t.xdc]
Finished Parsing XDC File [C:/Users/Bruno/OneDrive/Documents/ENSEIRB/S8/Projet-Thematique/riscv-superscalar/fpga_riscv-superscalar/fpga_riscv-superscalar.srcs/constrs_1/new/NexysA7_100t.xdc]
INFO: [Opt 31-138] Pushed 0 inverter(s) to 0 load pin(s).
Netlist sorting complete. Time (s): cpu = 00:00:00 ; elapsed = 00:00:00.014 . Memory (MB): peak = 1524.355 ; gain = 0.000
INFO: [Project 1-111] Unisim Transformation Summary:
  A total of 96 instances were transformed.
  RAM16X1D => RAM32X1D (RAMD32(x2)): 32 instances
  RAM32X1D => RAM32X1D (RAMD32(x2)): 32 instances
  RAM64X1D => RAM64X1D (RAMD64E(x2)): 32 instances

11 Infos, 0 Warnings, 0 Critical Warnings and 0 Errors encountered.
link_design completed successfully
link_design: Time (s): cpu = 00:00:15 ; elapsed = 00:00:17 . Memory (MB): peak = 1524.355 ; gain = 1019.777
Command: opt_design
Attempting to get a license for feature 'Implementation' and/or device 'xc7a100t'
INFO: [Common 17-349] Got license for feature 'Implementation' and/or device 'xc7a100t'
Running DRC as a precondition to command opt_design

Starting DRC Task
INFO: [DRC 23-27] Running DRC with 2 threads
INFO: [Project 1-461] DRC finished with 0 Errors
INFO: [Project 1-462] Please refer to the DRC report (report_drc) for more information.

Time (s): cpu = 00:00:02 ; elapsed = 00:00:01 . Memory (MB): peak = 1524.355 ; gain = 0.000

Starting Cache Timing Information Task
INFO: [Timing 38-35] Done setting XDC timing constraints.
INFO: [Timing 38-2] Deriving generated clocks
Ending Cache Timing Information Task | Checksum: 27c64973d

Time (s): cpu = 00:00:02 ; elapsed = 00:00:01 . Memory (MB): peak = 1543.094 ; gain = 18.738

Starting Logic Optimization Task

Phase 1 Initialization

Phase 1.1 Core Generation And Design Setup
Phase 1.1 Core Generation And Design Setup | Checksum: 27c64973d

Time (s): cpu = 00:00:00 ; elapsed = 00:00:00.034 . Memory (MB): peak = 1967.824 ; gain = 0.000

Phase 1.2 Setup Constraints And Sort Netlist
Phase 1.2 Setup Constraints And Sort Netlist | Checksum: 27c64973d

Time (s): cpu = 00:00:00 ; elapsed = 00:00:00.056 . Memory (MB): peak = 1967.824 ; gain = 0.000
Phase 1 Initialization | Checksum: 27c64973d

Time (s): cpu = 00:00:00 ; elapsed = 00:00:00.059 . Memory (MB): peak = 1967.824 ; gain = 0.000

Phase 2 Timer Update And Timing Data Collection

Phase 2.1 Timer Update
Phase 2.1 Timer Update | Checksum: 27c64973d

Time (s): cpu = 00:00:02 ; elapsed = 00:00:01 . Memory (MB): peak = 1967.824 ; gain = 0.000

Phase 2.2 Timing Data Collection
Phase 2.2 Timing Data Collection | Checksum: 27c64973d

Time (s): cpu = 00:00:02 ; elapsed = 00:00:01 . Memory (MB): peak = 1967.824 ; gain = 0.000
Phase 2 Timer Update And Timing Data Collection | Checksum: 27c64973d

Time (s): cpu = 00:00:02 ; elapsed = 00:00:01 . Memory (MB): peak = 1967.824 ; gain = 0.000

Phase 3 Retarget
INFO: [Opt 31-1851] Number of loadless carry chains removed were: 0
INFO: [Opt 31-1834] Total Chains To Be Transformed Were: 0 AND Number of Transformed insts Created are: 0
INFO: [Opt 31-138] Pushed 0 inverter(s) to 0 load pin(s).
INFO: [Opt 31-49] Retargeted 0 cell(s).
Phase 3 Retarget | Checksum: 27c64973d

Time (s): cpu = 00:00:02 ; elapsed = 00:00:02 . Memory (MB): peak = 1967.824 ; gain = 0.000
Retarget | Checksum: 27c64973d
INFO: [Opt 31-389] Phase Retarget created 0 cells and removed 0 cells
INFO: [Opt 31-1021] In phase Retarget, 1 netlist objects are constrained preventing optimization. Please run opt_design with -debug_log to get more detail. 

Phase 4 Constant propagation
INFO: [Opt 31-138] Pushed 0 inverter(s) to 0 load pin(s).
Phase 4 Constant propagation | Checksum: 2011366fe

Time (s): cpu = 00:00:02 ; elapsed = 00:00:02 . Memory (MB): peak = 1967.824 ; gain = 0.000
Constant propagation | Checksum: 2011366fe
INFO: [Opt 31-389] Phase Constant propagation created 0 cells and removed 0 cells

Phase 5 Sweep
INFO: [Constraints 18-11670] Building netlist checker database with flags, 0x8
Done building netlist checker database: Time (s): cpu = 00:00:00 ; elapsed = 00:00:00.021 . Memory (MB): peak = 1967.824 ; gain = 0.000
Phase 5 Sweep | Checksum: 1a7410136

Time (s): cpu = 00:00:03 ; elapsed = 00:00:03 . Memory (MB): peak = 1967.824 ; gain = 0.000
Sweep | Checksum: 1a7410136
INFO: [Opt 31-389] Phase Sweep created 0 cells and removed 0 cells

Phase 6 BUFG optimization
Phase 6 BUFG optimization | Checksum: 1a7410136

Time (s): cpu = 00:00:03 ; elapsed = 00:00:03 . Memory (MB): peak = 1967.824 ; gain = 0.000
BUFG optimization | Checksum: 1a7410136
INFO: [Opt 31-662] Phase BUFG optimization created 0 cells of which 0 are BUFGs and removed 0 cells.

Phase 7 Shift Register Optimization
INFO: [Opt 31-1064] SRL Remap converted 0 SRLs to 0 registers and converted 0 registers of register chains to 0 SRLs
Phase 7 Shift Register Optimization | Checksum: 1a7410136

Time (s): cpu = 00:00:03 ; elapsed = 00:00:03 . Memory (MB): peak = 1967.824 ; gain = 0.000
Shift Register Optimization | Checksum: 1a7410136
INFO: [Opt 31-389] Phase Shift Register Optimization created 0 cells and removed 0 cells

Phase 8 Post Processing Netlist
Phase 8 Post Processing Netlist | Checksum: 1a7410136

Time (s): cpu = 00:00:03 ; elapsed = 00:00:03 . Memory (MB): peak = 1967.824 ; gain = 0.000
Post Processing Netlist | Checksum: 1a7410136
INFO: [Opt 31-389] Phase Post Processing Netlist created 0 cells and removed 0 cells

Phase 9 Finalization

Phase 9.1 Finalizing Design Cores and Updating Shapes
Phase 9.1 Finalizing Design Cores and Updating Shapes | Checksum: 26e8c3352

Time (s): cpu = 00:00:04 ; elapsed = 00:00:03 . Memory (MB): peak = 1967.824 ; gain = 0.000

Phase 9.2 Verifying Netlist Connectivity

Starting Connectivity Check Task

Time (s): cpu = 00:00:00 ; elapsed = 00:00:00.081 . Memory (MB): peak = 1967.824 ; gain = 0.000
Phase 9.2 Verifying Netlist Connectivity | Checksum: 26e8c3352

Time (s): cpu = 00:00:04 ; elapsed = 00:00:03 . Memory (MB): peak = 1967.824 ; gain = 0.000
Phase 9 Finalization | Checksum: 26e8c3352

Time (s): cpu = 00:00:04 ; elapsed = 00:00:03 . Memory (MB): peak = 1967.824 ; gain = 0.000
Opt_design Change Summary
=========================


-------------------------------------------------------------------------------------------------------------------------
|  Phase                        |  #Cells created  |  #Cells Removed  |  #Constrained objects preventing optimizations  |
-------------------------------------------------------------------------------------------------------------------------
|  Retarget                     |               0  |               0  |                                              1  |
|  Constant propagation         |               0  |               0  |                                              0  |
|  Sweep                        |               0  |               0  |                                              0  |
|  BUFG optimization            |               0  |               0  |                                              0  |
|  Shift Register Optimization  |               0  |               0  |                                              0  |
|  Post Processing Netlist      |               0  |               0  |                                              0  |
-------------------------------------------------------------------------------------------------------------------------


Ending Logic Optimization Task | Checksum: 26e8c3352

Time (s): cpu = 00:00:04 ; elapsed = 00:00:03 . Memory (MB): peak = 1967.824 ; gain = 0.000

Starting Power Optimization Task
INFO: [Pwropt 34-132] Skipping clock gating for clocks with a period < 2.00 ns.
Ending Power Optimization Task | Checksum: 26e8c3352

Time (s): cpu = 00:00:00 ; elapsed = 00:00:00.034 . Memory (MB): peak = 1967.824 ; gain = 0.000

Starting Final Cleanup Task
Ending Final Cleanup Task | Checksum: 26e8c3352

Time (s): cpu = 00:00:00 ; elapsed = 00:00:00.003 . Memory (MB): peak = 1967.824 ; gain = 0.000

Starting Netlist Obfuscation Task
Netlist sorting complete. Time (s): cpu = 00:00:00 ; elapsed = 00:00:00.012 . Memory (MB): peak = 1967.824 ; gain = 0.000
Ending Netlist Obfuscation Task | Checksum: 26e8c3352

Time (s): cpu = 00:00:00 ; elapsed = 00:00:00.015 . Memory (MB): peak = 1967.824 ; gain = 0.000
INFO: [Common 17-83] Releasing license: Implementation
33 Infos, 0 Warnings, 0 Critical Warnings and 0 Errors encountered.
opt_design completed successfully
opt_design: Time (s): cpu = 00:00:12 ; elapsed = 00:00:10 . Memory (MB): peak = 1967.824 ; gain = 443.469
INFO: [Vivado 12-24828] Executing command : report_drc -file RISCV_superscalar_fpga_top_drc_opted.rpt -pb RISCV_superscalar_fpga_top_drc_opted.pb -rpx RISCV_superscalar_fpga_top_drc_opted.rpx
Command: report_drc -file RISCV_superscalar_fpga_top_drc_opted.rpt -pb RISCV_superscalar_fpga_top_drc_opted.pb -rpx RISCV_superscalar_fpga_top_drc_opted.rpx
INFO: [IP_Flow 19-1839] IP Catalog is up to date.
INFO: [DRC 23-27] Running DRC with 2 threads
INFO: [Vivado_Tcl 2-168] The results of DRC are in file C:/Users/Bruno/OneDrive/Documents/ENSEIRB/S8/Projet-Thematique/riscv-superscalar/fpga_riscv-superscalar/fpga_riscv-superscalar.runs/impl_1/RISCV_superscalar_fpga_top_drc_opted.rpt.
report_drc completed successfully
INFO: [Timing 38-480] Writing timing data to binary archive.
Wrote PlaceDB: Time (s): cpu = 00:00:00 ; elapsed = 00:00:00.001 . Memory (MB): peak = 1967.824 ; gain = 0.000
Wrote PulsedLatchDB: Time (s): cpu = 00:00:00 ; elapsed = 00:00:00.001 . Memory (MB): peak = 1967.824 ; gain = 0.000
Writing XDEF routing.
Writing XDEF routing logical nets.
Writing XDEF routing special nets.
Wrote RouteStorage: Time (s): cpu = 00:00:00 ; elapsed = 00:00:00.056 . Memory (MB): peak = 1967.824 ; gain = 0.000
Wrote Netlist Cache: Time (s): cpu = 00:00:00 ; elapsed = 00:00:00 . Memory (MB): peak = 1967.824 ; gain = 0.000
Write ShapeDB Complete: Time (s): cpu = 00:00:00 ; elapsed = 00:00:00.071 . Memory (MB): peak = 1967.824 ; gain = 0.000
Wrote Device Cache: Time (s): cpu = 00:00:00 ; elapsed = 00:00:00.011 . Memory (MB): peak = 1967.824 ; gain = 0.000
Write Physdb Complete: Time (s): cpu = 00:00:00 ; elapsed = 00:00:00.079 . Memory (MB): peak = 1967.824 ; gain = 0.000
INFO: [Common 17-1381] The checkpoint 'C:/Users/Bruno/OneDrive/Documents/ENSEIRB/S8/Projet-Thematique/riscv-superscalar/fpga_riscv-superscalar/fpga_riscv-superscalar.runs/impl_1/RISCV_superscalar_fpga_top_opt.dcp' has been generated.
Command: place_design
Attempting to get a license for feature 'Implementation' and/or device 'xc7a100t'
INFO: [Common 17-349] Got license for feature 'Implementation' and/or device 'xc7a100t'
INFO: [Common 17-83] Releasing license: Implementation
INFO: [DRC 23-27] Running DRC with 2 threads
INFO: [Vivado_Tcl 4-198] DRC finished with 0 Errors
INFO: [Vivado_Tcl 4-199] Please refer to the DRC report (report_drc) for more information.
Running DRC as a precondition to command place_design
INFO: [DRC 23-27] Running DRC with 2 threads
INFO: [Vivado_Tcl 4-198] DRC finished with 0 Errors
INFO: [Vivado_Tcl 4-199] Please refer to the DRC report (report_drc) for more information.
INFO: [Place 30-611] Multithreading enabled for place_design using a maximum of 2 CPUs

Starting Placer Task

Phase 1 Placer Initialization

Phase 1.1 Placer Initialization Netlist Sorting
Netlist sorting complete. Time (s): cpu = 00:00:00 ; elapsed = 00:00:00.013 . Memory (MB): peak = 1967.824 ; gain = 0.000
Phase 1.1 Placer Initialization Netlist Sorting | Checksum: 1c41ebb7a

Time (s): cpu = 00:00:01 ; elapsed = 00:00:00.037 . Memory (MB): peak = 1967.824 ; gain = 0.000
Netlist sorting complete. Time (s): cpu = 00:00:00 ; elapsed = 00:00:00.013 . Memory (MB): peak = 1967.824 ; gain = 0.000

Phase 1.2 IO Placement/ Clock Placement/ Build Placer Device
INFO: [Timing 38-35] Done setting XDC timing constraints.
Phase 1.2 IO Placement/ Clock Placement/ Build Placer Device | Checksum: 1d43180cb

Time (s): cpu = 00:00:03 ; elapsed = 00:00:03 . Memory (MB): peak = 1967.824 ; gain = 0.000

Phase 1.3 Build Placer Netlist Model
Phase 1.3 Build Placer Netlist Model | Checksum: 214556bd7

Time (s): cpu = 00:00:13 ; elapsed = 00:00:09 . Memory (MB): peak = 2052.270 ; gain = 84.445

Phase 1.4 Constrain Clocks/Macros
Phase 1.4 Constrain Clocks/Macros | Checksum: 214556bd7

Time (s): cpu = 00:00:13 ; elapsed = 00:00:09 . Memory (MB): peak = 2052.270 ; gain = 84.445
Phase 1 Placer Initialization | Checksum: 214556bd7

Time (s): cpu = 00:00:13 ; elapsed = 00:00:09 . Memory (MB): peak = 2052.270 ; gain = 84.445

Phase 2 Global Placement

Phase 2.1 Floorplanning
Phase 2.1 Floorplanning | Checksum: 29d420288

Time (s): cpu = 00:00:18 ; elapsed = 00:00:12 . Memory (MB): peak = 2052.270 ; gain = 84.445

Phase 2.2 Update Timing before SLR Path Opt
Phase 2.2 Update Timing before SLR Path Opt | Checksum: 2a3d3eea8

Time (s): cpu = 00:00:22 ; elapsed = 00:00:15 . Memory (MB): peak = 2052.270 ; gain = 84.445

Phase 2.3 Post-Processing in Floorplanning
Phase 2.3 Post-Processing in Floorplanning | Checksum: 2a3d3eea8

Time (s): cpu = 00:00:22 ; elapsed = 00:00:15 . Memory (MB): peak = 2052.270 ; gain = 84.445

Phase 2.4 Global Place Phase1
Phase 2.4 Global Place Phase1 | Checksum: 1e4ed3992

Time (s): cpu = 00:00:40 ; elapsed = 00:00:26 . Memory (MB): peak = 2052.270 ; gain = 84.445

Phase 2.5 Global Place Phase2

Phase 2.5.1 UpdateTiming Before Physical Synthesis
Phase 2.5.1 UpdateTiming Before Physical Synthesis | Checksum: 2bd9b6b92

Time (s): cpu = 00:00:45 ; elapsed = 00:00:29 . Memory (MB): peak = 2052.270 ; gain = 84.445

Phase 2.5.2 Physical Synthesis In Placer
INFO: [Physopt 32-1035] Found 0 LUTNM shape to break, 458 LUT instances to create LUTNM shape
INFO: [Physopt 32-1044] Break lutnm for timing: one critical 0, two critical 0, total 0, new lutff created 0
INFO: [Physopt 32-1138] End 1 Pass. Optimized 181 nets or LUTs. Breaked 0 LUT, combined 181 existing LUTs and moved 0 existing LUT
INFO: [Physopt 32-65] No nets found for high-fanout optimization.
INFO: [Physopt 32-232] Optimized 0 net. Created 0 new instance.
INFO: [Physopt 32-775] End 1 Pass. Optimized 0 net or cell. Created 0 new cell, deleted 0 existing cell and moved 0 existing cell
INFO: [Physopt 32-456] No candidate cells for DSP register optimization found in the design.
INFO: [Physopt 32-775] End 2 Pass. Optimized 0 net or cell. Created 0 new cell, deleted 0 existing cell and moved 0 existing cell
INFO: [Physopt 32-1123] No candidate cells found for Shift Register to Pipeline optimization
INFO: [Physopt 32-775] End 2 Pass. Optimized 0 net or cell. Created 0 new cell, deleted 0 existing cell and moved 0 existing cell
INFO: [Physopt 32-1401] No candidate cells found for Shift Register optimization.
INFO: [Physopt 32-677] No candidate cells for Shift Register optimization found in the design
INFO: [Physopt 32-775] End 1 Pass. Optimized 0 net or cell. Created 0 new cell, deleted 0 existing cell and moved 0 existing cell
INFO: [Physopt 32-526] No candidate cells for BRAM register optimization found in the design
INFO: [Physopt 32-775] End 1 Pass. Optimized 0 net or cell. Created 0 new cell, deleted 0 existing cell and moved 0 existing cell
INFO: [Physopt 32-846] No candidate cells for URAM register optimization found in the design
INFO: [Physopt 32-775] End 1 Pass. Optimized 0 net or cell. Created 0 new cell, deleted 0 existing cell and moved 0 existing cell
INFO: [Physopt 32-846] No candidate cells for URAM register optimization found in the design
INFO: [Physopt 32-775] End 1 Pass. Optimized 0 net or cell. Created 0 new cell, deleted 0 existing cell and moved 0 existing cell
INFO: [Physopt 32-949] No candidate nets found for dynamic/static region interface net replication
INFO: [Physopt 32-775] End 1 Pass. Optimized 0 net or cell. Created 0 new cell, deleted 0 existing cell and moved 0 existing cell
Netlist sorting complete. Time (s): cpu = 00:00:00 ; elapsed = 00:00:00.012 . Memory (MB): peak = 2052.270 ; gain = 0.000

Summary of Physical Synthesis Optimizations
============================================


-----------------------------------------------------------------------------------------------------------------------------------------------------------
|  Optimization                                     |  Added Cells  |  Removed Cells  |  Optimized Cells/Nets  |  Dont Touch  |  Iterations  |  Elapsed   |
-----------------------------------------------------------------------------------------------------------------------------------------------------------
|  LUT Combining                                    |            0  |            181  |                   181  |           0  |           1  |  00:00:02  |
|  Retime                                           |            0  |              0  |                     0  |           0  |           1  |  00:00:00  |
|  Very High Fanout                                 |            0  |              0  |                     0  |           0  |           1  |  00:00:00  |
|  DSP Register                                     |            0  |              0  |                     0  |           0  |           1  |  00:00:00  |
|  Shift Register to Pipeline                       |            0  |              0  |                     0  |           0  |           1  |  00:00:00  |
|  Shift Register                                   |            0  |              0  |                     0  |           0  |           1  |  00:00:00  |
|  BRAM Register                                    |            0  |              0  |                     0  |           0  |           1  |  00:00:00  |
|  URAM Register                                    |            0  |              0  |                     0  |           0  |           1  |  00:00:00  |
|  Dynamic/Static Region Interface Net Replication  |            0  |              0  |                     0  |           0  |           1  |  00:00:00  |
|  Total                                            |            0  |            181  |                   181  |           0  |           9  |  00:00:02  |
-----------------------------------------------------------------------------------------------------------------------------------------------------------


Phase 2.5.2 Physical Synthesis In Placer | Checksum: 200718701

Time (s): cpu = 00:00:52 ; elapsed = 00:00:34 . Memory (MB): peak = 2052.270 ; gain = 84.445
Phase 2.5 Global Place Phase2 | Checksum: 23570befa

Time (s): cpu = 00:00:59 ; elapsed = 00:00:41 . Memory (MB): peak = 2052.270 ; gain = 84.445
Phase 2 Global Placement | Checksum: 23570befa

Time (s): cpu = 00:00:59 ; elapsed = 00:00:41 . Memory (MB): peak = 2052.270 ; gain = 84.445

Phase 3 Detail Placement

Phase 3.1 Commit Multi Column Macros
Phase 3.1 Commit Multi Column Macros | Checksum: 1bbf29688

Time (s): cpu = 00:01:04 ; elapsed = 00:00:43 . Memory (MB): peak = 2052.270 ; gain = 84.445

Phase 3.2 Commit Most Macros & LUTRAMs
Phase 3.2 Commit Most Macros & LUTRAMs | Checksum: 2740308f8

Time (s): cpu = 00:01:11 ; elapsed = 00:00:48 . Memory (MB): peak = 2052.270 ; gain = 84.445

Phase 3.3 Area Swap Optimization
Phase 3.3 Area Swap Optimization | Checksum: 240116627

Time (s): cpu = 00:01:12 ; elapsed = 00:00:48 . Memory (MB): peak = 2052.270 ; gain = 84.445

Phase 3.4 Pipeline Register Optimization
Phase 3.4 Pipeline Register Optimization | Checksum: 1d4fd1262

Time (s): cpu = 00:01:12 ; elapsed = 00:00:48 . Memory (MB): peak = 2052.270 ; gain = 84.445

Phase 3.5 Fast Optimization
Phase 3.5 Fast Optimization | Checksum: 1d435fd86

Time (s): cpu = 00:01:25 ; elapsed = 00:00:59 . Memory (MB): peak = 2052.270 ; gain = 84.445

Phase 3.6 Small Shape Detail Placement
Phase 3.6 Small Shape Detail Placement | Checksum: 1f4e245bd

Time (s): cpu = 00:01:39 ; elapsed = 00:01:14 . Memory (MB): peak = 2052.270 ; gain = 84.445

Phase 3.7 Re-assign LUT pins
Phase 3.7 Re-assign LUT pins | Checksum: 21c5b4287

Time (s): cpu = 00:01:41 ; elapsed = 00:01:15 . Memory (MB): peak = 2052.270 ; gain = 84.445

Phase 3.8 Pipeline Register Optimization
Phase 3.8 Pipeline Register Optimization | Checksum: 288519dcf

Time (s): cpu = 00:01:41 ; elapsed = 00:01:16 . Memory (MB): peak = 2052.270 ; gain = 84.445

Phase 3.9 Fast Optimization
Phase 3.9 Fast Optimization | Checksum: ffad700d

Time (s): cpu = 00:02:02 ; elapsed = 00:01:32 . Memory (MB): peak = 2052.270 ; gain = 84.445
Phase 3 Detail Placement | Checksum: ffad700d

Time (s): cpu = 00:02:03 ; elapsed = 00:01:32 . Memory (MB): peak = 2052.270 ; gain = 84.445

Phase 4 Post Placement Optimization and Clean-Up

Phase 4.1 Post Commit Optimization
INFO: [Timing 38-35] Done setting XDC timing constraints.

Phase 4.1.1 Post Placement Optimization
Post Placement Optimization Initialization | Checksum: 191bd6d1b

Phase 4.1.1.1 BUFG Insertion

Starting Physical Synthesis Task

Phase 1 Physical Synthesis Initialization
INFO: [Physopt 32-721] Multithreading enabled for phys_opt_design using a maximum of 2 CPUs
INFO: [Physopt 32-619] Estimated Timing Summary | WNS=-2.736 | TNS=-1856.441 |
Phase 1 Physical Synthesis Initialization | Checksum: 180f2939a

Time (s): cpu = 00:00:01 ; elapsed = 00:00:00.886 . Memory (MB): peak = 2109.305 ; gain = 0.000
INFO: [Place 46-33] Processed net DUV/DATA_PATH/gen_duplicate[1].mem_i/ALU_result_REG/E[0], BUFG insertion was skipped due to placement/routing conflicts.
INFO: [Place 46-33] Processed net UART/done_reg_reg_0, BUFG insertion was skipped due to placement/routing conflicts.
INFO: [Place 46-56] BUFG insertion identified 2 candidate nets. Inserted BUFG: 0, Replicated BUFG Driver: 0, Skipped due to Placement/Routing Conflicts: 2, Skipped due to Timing Degradation: 0, Skipped due to netlist editing failed: 0.
Ending Physical Synthesis Task | Checksum: 194d90488

Time (s): cpu = 00:00:03 ; elapsed = 00:00:02 . Memory (MB): peak = 2109.305 ; gain = 0.000
Phase 4.1.1.1 BUFG Insertion | Checksum: 191bd6d1b

Time (s): cpu = 00:02:16 ; elapsed = 00:01:40 . Memory (MB): peak = 2109.305 ; gain = 141.480

Phase 4.1.1.2 Post Placement Timing Optimization
INFO: [Place 30-746] Post Placement Timing Summary WNS=-0.115. For the most accurate timing information please run report_timing.
Phase 4.1.1.2 Post Placement Timing Optimization | Checksum: 2b396ec79

Time (s): cpu = 00:03:07 ; elapsed = 00:02:28 . Memory (MB): peak = 2109.305 ; gain = 141.480

Time (s): cpu = 00:03:07 ; elapsed = 00:02:28 . Memory (MB): peak = 2109.305 ; gain = 141.480
Phase 4.1 Post Commit Optimization | Checksum: 2b396ec79

Time (s): cpu = 00:03:07 ; elapsed = 00:02:28 . Memory (MB): peak = 2109.305 ; gain = 141.480

Phase 4.2 Post Placement Cleanup
Phase 4.2 Post Placement Cleanup | Checksum: 2b396ec79

Time (s): cpu = 00:03:07 ; elapsed = 00:02:28 . Memory (MB): peak = 2109.305 ; gain = 141.480

Phase 4.3 Placer Reporting

Phase 4.3.1 Print Estimated Congestion
INFO: [Place 30-612] Post-Placement Estimated Congestion 
 ____________________________________________________
|           | Global Congestion | Short Congestion  |
| Direction | Region Size       | Region Size       |
|___________|___________________|___________________|
|      North|                2x2|                8x8|
|___________|___________________|___________________|
|      South|                1x1|                4x4|
|___________|___________________|___________________|
|       East|                8x8|                2x2|
|___________|___________________|___________________|
|       West|                2x2|                2x2|
|___________|___________________|___________________|

Phase 4.3.1 Print Estimated Congestion | Checksum: 2b396ec79

Time (s): cpu = 00:03:08 ; elapsed = 00:02:29 . Memory (MB): peak = 2109.305 ; gain = 141.480
Phase 4.3 Placer Reporting | Checksum: 2b396ec79

Time (s): cpu = 00:03:08 ; elapsed = 00:02:29 . Memory (MB): peak = 2109.305 ; gain = 141.480

Phase 4.4 Final Placement Cleanup
Netlist sorting complete. Time (s): cpu = 00:00:00 ; elapsed = 00:00:00.057 . Memory (MB): peak = 2109.305 ; gain = 0.000

Time (s): cpu = 00:03:08 ; elapsed = 00:02:29 . Memory (MB): peak = 2109.305 ; gain = 141.480
Phase 4 Post Placement Optimization and Clean-Up | Checksum: 34250f414

Time (s): cpu = 00:03:08 ; elapsed = 00:02:29 . Memory (MB): peak = 2109.305 ; gain = 141.480
Ending Placer Task | Checksum: 24e883014

Time (s): cpu = 00:03:08 ; elapsed = 00:02:29 . Memory (MB): peak = 2109.305 ; gain = 141.480
78 Infos, 0 Warnings, 0 Critical Warnings and 0 Errors encountered.
place_design completed successfully
place_design: Time (s): cpu = 00:03:11 ; elapsed = 00:02:31 . Memory (MB): peak = 2109.305 ; gain = 141.480
INFO: [Vivado 12-24838] Running report commands "report_control_sets, report_io, report_utilization" in parallel.
Running report generation with 2 threads.
INFO: [Vivado 12-24828] Executing command : report_io -file RISCV_superscalar_fpga_top_io_placed.rpt
report_io: Time (s): cpu = 00:00:01 ; elapsed = 00:00:00.062 . Memory (MB): peak = 2109.305 ; gain = 0.000
INFO: [Vivado 12-24828] Executing command : report_control_sets -verbose -file RISCV_superscalar_fpga_top_control_sets_placed.rpt
report_control_sets: Time (s): cpu = 00:00:00 ; elapsed = 00:00:00.038 . Memory (MB): peak = 2109.305 ; gain = 0.000
INFO: [Vivado 12-24828] Executing command : report_utilization -file RISCV_superscalar_fpga_top_utilization_placed.rpt -pb RISCV_superscalar_fpga_top_utilization_placed.pb
INFO: [Timing 38-480] Writing timing data to binary archive.
Write ShapeDB Complete: Time (s): cpu = 00:00:00 ; elapsed = 00:00:00.095 . Memory (MB): peak = 2109.305 ; gain = 0.000
Wrote PlaceDB: Time (s): cpu = 00:00:06 ; elapsed = 00:00:03 . Memory (MB): peak = 2109.305 ; gain = 0.000
Wrote PulsedLatchDB: Time (s): cpu = 00:00:00 ; elapsed = 00:00:00 . Memory (MB): peak = 2109.305 ; gain = 0.000
Writing XDEF routing.
Writing XDEF routing logical nets.
Writing XDEF routing special nets.
Wrote RouteStorage: Time (s): cpu = 00:00:00 ; elapsed = 00:00:00.047 . Memory (MB): peak = 2109.305 ; gain = 0.000
Wrote Netlist Cache: Time (s): cpu = 00:00:00 ; elapsed = 00:00:00.066 . Memory (MB): peak = 2109.305 ; gain = 0.000
Wrote Device Cache: Time (s): cpu = 00:00:00 ; elapsed = 00:00:00.008 . Memory (MB): peak = 2109.305 ; gain = 0.000
Write Physdb Complete: Time (s): cpu = 00:00:06 ; elapsed = 00:00:03 . Memory (MB): peak = 2109.305 ; gain = 0.000
INFO: [Common 17-1381] The checkpoint 'C:/Users/Bruno/OneDrive/Documents/ENSEIRB/S8/Projet-Thematique/riscv-superscalar/fpga_riscv-superscalar/fpga_riscv-superscalar.runs/impl_1/RISCV_superscalar_fpga_top_placed.dcp' has been generated.
Command: phys_opt_design
Attempting to get a license for feature 'Implementation' and/or device 'xc7a100t'
INFO: [Common 17-349] Got license for feature 'Implementation' and/or device 'xc7a100t'

Starting Initial Update Timing Task

Time (s): cpu = 00:00:10 ; elapsed = 00:00:06 . Memory (MB): peak = 2118.781 ; gain = 9.477
INFO: [Vivado_Tcl 4-1435] PhysOpt_Tcl_Interface Runtime Before Starting Physical Synthesis Task | CPU: 10.00s |  WALL: 5.72s
Netlist sorting complete. Time (s): cpu = 00:00:00 ; elapsed = 00:00:00.013 . Memory (MB): peak = 2118.781 ; gain = 0.000

Starting Physical Synthesis Task

Phase 1 Physical Synthesis Initialization
INFO: [Physopt 32-721] Multithreading enabled for phys_opt_design using a maximum of 2 CPUs
INFO: [Physopt 32-619] Estimated Timing Summary | WNS=-0.115 | TNS=-4.337 |
Phase 1 Physical Synthesis Initialization | Checksum: 1f7175ed1

Time (s): cpu = 00:00:04 ; elapsed = 00:00:02 . Memory (MB): peak = 2128.992 ; gain = 10.211
INFO: [Physopt 32-619] Estimated Timing Summary | WNS=-0.115 | TNS=-4.337 |

Phase 2 DSP Register Optimization
INFO: [Physopt 32-456] No candidate cells for DSP register optimization found in the design.
INFO: [Physopt 32-775] End 2 Pass. Optimized 0 net or cell. Created 0 new cell, deleted 0 existing cell and moved 0 existing cell
Phase 2 DSP Register Optimization | Checksum: 1f7175ed1

Time (s): cpu = 00:00:04 ; elapsed = 00:00:02 . Memory (MB): peak = 2128.992 ; gain = 10.211

Phase 3 Critical Path Optimization
INFO: [Physopt 32-619] Estimated Timing Summary | WNS=-0.115 | TNS=-4.337 |
INFO: [Physopt 32-663] Processed net DUV/DATA_PATH/BRANCH_PREDICTOR/BTB_reg[2][target][20].  Re-placed instance DUV/DATA_PATH/BRANCH_PREDICTOR/BTB_reg[2][target][20]
INFO: [Physopt 32-735] Processed net DUV/DATA_PATH/BRANCH_PREDICTOR/BTB_reg[2][target][20]. Optimization improves timing on the net.
INFO: [Physopt 32-619] Estimated Timing Summary | WNS=-0.115 | TNS=-4.222 |
INFO: [Physopt 32-663] Processed net DUV/DATA_PATH/BRANCH_PREDICTOR/BTB_reg[2][target][21].  Re-placed instance DUV/DATA_PATH/BRANCH_PREDICTOR/BTB_reg[2][target][21]
INFO: [Physopt 32-735] Processed net DUV/DATA_PATH/BRANCH_PREDICTOR/BTB_reg[2][target][21]. Optimization improves timing on the net.
INFO: [Physopt 32-619] Estimated Timing Summary | WNS=-0.115 | TNS=-4.107 |
INFO: [Physopt 32-663] Processed net DUV/DATA_PATH/BRANCH_PREDICTOR/BTB_reg[2][target][3].  Re-placed instance DUV/DATA_PATH/BRANCH_PREDICTOR/BTB_reg[2][target][3]
INFO: [Physopt 32-735] Processed net DUV/DATA_PATH/BRANCH_PREDICTOR/BTB_reg[2][target][3]. Optimization improves timing on the net.
INFO: [Physopt 32-619] Estimated Timing Summary | WNS=-0.115 | TNS=-3.992 |
INFO: [Physopt 32-663] Processed net DUV/DATA_PATH/BRANCH_PREDICTOR/BTB_reg[2][target][7].  Re-placed instance DUV/DATA_PATH/BRANCH_PREDICTOR/BTB_reg[2][target][7]
INFO: [Physopt 32-735] Processed net DUV/DATA_PATH/BRANCH_PREDICTOR/BTB_reg[2][target][7]. Optimization improves timing on the net.
INFO: [Physopt 32-619] Estimated Timing Summary | WNS=-0.091 | TNS=-3.891 |
INFO: [Physopt 32-702] Processed net DUV/DATA_PATH/PROGRAM_COUNTER/Q[29]. Optimizations did not improve timing on the net.
INFO: [Physopt 32-702] Processed net PLL_inst/inst/clk_out1_clk_wiz_0. Optimizations did not improve timing on the net.
INFO: [Physopt 32-702] Processed net DUV/DATA_PATH/gen_duplicate[0].ex_i/IMM_DATA_REG/q_reg[27]_i_1__1_n_0. Optimizations did not improve timing on the net.
INFO: [Physopt 32-702] Processed net DUV/DATA_PATH/gen_duplicate[0].ex_i/IMM_DATA_REG/q_reg[23]_i_1__1_n_0. Optimizations did not improve timing on the net.
INFO: [Physopt 32-702] Processed net DUV/DATA_PATH/gen_duplicate[0].ex_i/IMM_DATA_REG/q_reg[19]_i_1__1_n_0. Optimizations did not improve timing on the net.
INFO: [Physopt 32-702] Processed net DUV/DATA_PATH/gen_duplicate[0].ex_i/IMM_DATA_REG/q_reg[15]_i_1__1_n_0. Optimizations did not improve timing on the net.
INFO: [Physopt 32-702] Processed net DUV/DATA_PATH/gen_duplicate[0].ex_i/IMM_DATA_REG/q_reg[11]_i_1__1_n_0. Optimizations did not improve timing on the net.
INFO: [Physopt 32-702] Processed net DUV/DATA_PATH/gen_duplicate[0].ex_i/IMM_DATA_REG/q_reg[7]_i_1__1_n_0. Optimizations did not improve timing on the net.
INFO: [Physopt 32-702] Processed net DUV/DATA_PATH/gen_duplicate[0].ex_i/IMM_DATA_REG/q_reg[3]_i_1__1_n_0. Optimizations did not improve timing on the net.
INFO: [Physopt 32-608] Optimized 1 net.  Swapped 26 pins.
INFO: [Physopt 32-735] Processed net DUV/DATA_PATH/gen_duplicate[0].ex_i/PC_REG/branch_taken_out_reg_0[1]. Optimization improves timing on the net.
INFO: [Physopt 32-619] Estimated Timing Summary | WNS=-0.089 | TNS=-3.868 |
INFO: [Physopt 32-663] Processed net DUV/DATA_PATH/BRANCH_PREDICTOR/BTB_reg[15][tag_n_0_][17].  Re-placed instance DUV/DATA_PATH/BRANCH_PREDICTOR/BTB_reg[15][tag][17]
INFO: [Physopt 32-735] Processed net DUV/DATA_PATH/BRANCH_PREDICTOR/BTB_reg[15][tag_n_0_][17]. Optimization improves timing on the net.
INFO: [Physopt 32-619] Estimated Timing Summary | WNS=-0.083 | TNS=-3.779 |
INFO: [Physopt 32-663] Processed net DUV/DATA_PATH/BRANCH_PREDICTOR/BTB_reg[15][tag_n_0_][10].  Re-placed instance DUV/DATA_PATH/BRANCH_PREDICTOR/BTB_reg[15][tag][10]
INFO: [Physopt 32-735] Processed net DUV/DATA_PATH/BRANCH_PREDICTOR/BTB_reg[15][tag_n_0_][10]. Optimization improves timing on the net.
INFO: [Physopt 32-619] Estimated Timing Summary | WNS=-0.083 | TNS=-3.696 |
INFO: [Physopt 32-663] Processed net DUV/DATA_PATH/BRANCH_PREDICTOR/BTB_reg[15][tag_n_0_][31].  Re-placed instance DUV/DATA_PATH/BRANCH_PREDICTOR/BTB_reg[15][tag][31]
INFO: [Physopt 32-735] Processed net DUV/DATA_PATH/BRANCH_PREDICTOR/BTB_reg[15][tag_n_0_][31]. Optimization improves timing on the net.
INFO: [Physopt 32-619] Estimated Timing Summary | WNS=-0.083 | TNS=-3.613 |
INFO: [Physopt 32-663] Processed net DUV/DATA_PATH/BRANCH_PREDICTOR/BTB_reg[15][tag_n_0_][4].  Re-placed instance DUV/DATA_PATH/BRANCH_PREDICTOR/BTB_reg[15][tag][4]
INFO: [Physopt 32-735] Processed net DUV/DATA_PATH/BRANCH_PREDICTOR/BTB_reg[15][tag_n_0_][4]. Optimization improves timing on the net.
INFO: [Physopt 32-619] Estimated Timing Summary | WNS=-0.083 | TNS=-3.530 |
INFO: [Physopt 32-663] Processed net DUV/DATA_PATH/BRANCH_PREDICTOR/BTB_reg[15][tag_n_0_][6].  Re-placed instance DUV/DATA_PATH/BRANCH_PREDICTOR/BTB_reg[15][tag][6]
INFO: [Physopt 32-735] Processed net DUV/DATA_PATH/BRANCH_PREDICTOR/BTB_reg[15][tag_n_0_][6]. Optimization improves timing on the net.
INFO: [Physopt 32-619] Estimated Timing Summary | WNS=-0.083 | TNS=-3.447 |
INFO: [Physopt 32-663] Processed net DUV/DATA_PATH/BRANCH_PREDICTOR/BTB_reg[15][target][12].  Re-placed instance DUV/DATA_PATH/BRANCH_PREDICTOR/BTB_reg[15][target][12]
INFO: [Physopt 32-735] Processed net DUV/DATA_PATH/BRANCH_PREDICTOR/BTB_reg[15][target][12]. Optimization improves timing on the net.
INFO: [Physopt 32-619] Estimated Timing Summary | WNS=-0.083 | TNS=-3.364 |
INFO: [Physopt 32-663] Processed net DUV/DATA_PATH/BRANCH_PREDICTOR/BTB_reg[15][target][16].  Re-placed instance DUV/DATA_PATH/BRANCH_PREDICTOR/BTB_reg[15][target][16]
INFO: [Physopt 32-735] Processed net DUV/DATA_PATH/BRANCH_PREDICTOR/BTB_reg[15][target][16]. Optimization improves timing on the net.
INFO: [Physopt 32-619] Estimated Timing Summary | WNS=-0.083 | TNS=-3.281 |
INFO: [Physopt 32-663] Processed net DUV/DATA_PATH/BRANCH_PREDICTOR/BTB_reg[15][target][24].  Re-placed instance DUV/DATA_PATH/BRANCH_PREDICTOR/BTB_reg[15][target][24]
INFO: [Physopt 32-735] Processed net DUV/DATA_PATH/BRANCH_PREDICTOR/BTB_reg[15][target][24]. Optimization improves timing on the net.
INFO: [Physopt 32-619] Estimated Timing Summary | WNS=-0.083 | TNS=-3.198 |
INFO: [Physopt 32-702] Processed net DUV/DATA_PATH/BRANCH_PREDICTOR/BTB_reg[15][target][6]. Optimizations did not improve timing on the net.
INFO: [Physopt 32-663] Processed net DUV/DATA_PATH/gen_duplicate[0].ex_i/PC_REG/BRANCH_PREDICTOR/p_0_in__0[15].  Re-placed instance DUV/DATA_PATH/gen_duplicate[0].ex_i/PC_REG/BTB[15][tag][31]_i_2
INFO: [Physopt 32-735] Processed net DUV/DATA_PATH/gen_duplicate[0].ex_i/PC_REG/BRANCH_PREDICTOR/p_0_in__0[15]. Optimization improves timing on the net.
INFO: [Physopt 32-619] Estimated Timing Summary | WNS=-0.083 | TNS=-2.478 |
INFO: [Physopt 32-702] Processed net DUV/DATA_PATH/PROGRAM_COUNTER/Q[29]. Optimizations did not improve timing on the net.
INFO: [Physopt 32-702] Processed net PLL_inst/inst/clk_out1_clk_wiz_0. Optimizations did not improve timing on the net.
INFO: [Physopt 32-608] Optimized 1 net.  Swapped 26 pins.
INFO: [Physopt 32-735] Processed net DUV/DATA_PATH/gen_duplicate[0].ex_i/IMM_DATA_REG/q[3]_i_6__2_n_0. Optimization improves timing on the net.
INFO: [Physopt 32-619] Estimated Timing Summary | WNS=-0.062 | TNS=-2.394 |
INFO: [Physopt 32-663] Processed net DUV/DATA_PATH/BRANCH_PREDICTOR/BTB_reg[2][tag_n_0_][22].  Re-placed instance DUV/DATA_PATH/BRANCH_PREDICTOR/BTB_reg[2][tag][22]
INFO: [Physopt 32-735] Processed net DUV/DATA_PATH/BRANCH_PREDICTOR/BTB_reg[2][tag_n_0_][22]. Optimization improves timing on the net.
INFO: [Physopt 32-619] Estimated Timing Summary | WNS=-0.062 | TNS=-2.332 |
INFO: [Physopt 32-663] Processed net DUV/DATA_PATH/BRANCH_PREDICTOR/BTB_reg[2][tag_n_0_][30].  Re-placed instance DUV/DATA_PATH/BRANCH_PREDICTOR/BTB_reg[2][tag][30]
INFO: [Physopt 32-735] Processed net DUV/DATA_PATH/BRANCH_PREDICTOR/BTB_reg[2][tag_n_0_][30]. Optimization improves timing on the net.
INFO: [Physopt 32-619] Estimated Timing Summary | WNS=-0.062 | TNS=-2.284 |
INFO: [Physopt 32-663] Processed net DUV/DATA_PATH/BRANCH_PREDICTOR/BTB_reg[2][target][22].  Re-placed instance DUV/DATA_PATH/BRANCH_PREDICTOR/BTB_reg[2][target][22]
INFO: [Physopt 32-735] Processed net DUV/DATA_PATH/BRANCH_PREDICTOR/BTB_reg[2][target][22]. Optimization improves timing on the net.
INFO: [Physopt 32-619] Estimated Timing Summary | WNS=-0.062 | TNS=-2.236 |
INFO: [Physopt 32-663] Processed net DUV/DATA_PATH/BRANCH_PREDICTOR/BTB_reg[2][target][24].  Re-placed instance DUV/DATA_PATH/BRANCH_PREDICTOR/BTB_reg[2][target][24]
INFO: [Physopt 32-735] Processed net DUV/DATA_PATH/BRANCH_PREDICTOR/BTB_reg[2][target][24]. Optimization improves timing on the net.
INFO: [Physopt 32-619] Estimated Timing Summary | WNS=-0.062 | TNS=-2.188 |
INFO: [Physopt 32-702] Processed net DUV/DATA_PATH/BRANCH_PREDICTOR/BTB_reg[2][target][25]. Optimizations did not improve timing on the net.
INFO: [Physopt 32-663] Processed net DUV/DATA_PATH/gen_duplicate[0].ex_i/PC_REG/BRANCH_PREDICTOR/p_0_in__0[2].  Re-placed instance DUV/DATA_PATH/gen_duplicate[0].ex_i/PC_REG/BTB[2][tag][31]_i_2
INFO: [Physopt 32-735] Processed net DUV/DATA_PATH/gen_duplicate[0].ex_i/PC_REG/BRANCH_PREDICTOR/p_0_in__0[2]. Optimization improves timing on the net.
INFO: [Physopt 32-619] Estimated Timing Summary | WNS=-0.053 | TNS=-1.413 |
INFO: [Physopt 32-702] Processed net DUV/DATA_PATH/BRANCH_PREDICTOR/BTB_reg[3][target][23]. Optimizations did not improve timing on the net.
INFO: [Physopt 32-663] Processed net DUV/DATA_PATH/gen_duplicate[0].ex_i/PC_REG/BRANCH_PREDICTOR/p_0_in__0[3].  Re-placed instance DUV/DATA_PATH/gen_duplicate[0].ex_i/PC_REG/BTB[3][tag][31]_i_2
INFO: [Physopt 32-735] Processed net DUV/DATA_PATH/gen_duplicate[0].ex_i/PC_REG/BRANCH_PREDICTOR/p_0_in__0[3]. Optimization improves timing on the net.
INFO: [Physopt 32-619] Estimated Timing Summary | WNS=-0.044 | TNS=-0.936 |
INFO: [Physopt 32-663] Processed net DUV/DATA_PATH/BRANCH_PREDICTOR/BTB_reg[8][tag_n_0_][10].  Re-placed instance DUV/DATA_PATH/BRANCH_PREDICTOR/BTB_reg[8][tag][10]
INFO: [Physopt 32-735] Processed net DUV/DATA_PATH/BRANCH_PREDICTOR/BTB_reg[8][tag_n_0_][10]. Optimization improves timing on the net.
INFO: [Physopt 32-619] Estimated Timing Summary | WNS=-0.044 | TNS=-0.919 |
INFO: [Physopt 32-663] Processed net DUV/DATA_PATH/BRANCH_PREDICTOR/BTB_reg[8][tag_n_0_][14].  Re-placed instance DUV/DATA_PATH/BRANCH_PREDICTOR/BTB_reg[8][tag][14]
INFO: [Physopt 32-735] Processed net DUV/DATA_PATH/BRANCH_PREDICTOR/BTB_reg[8][tag_n_0_][14]. Optimization improves timing on the net.
INFO: [Physopt 32-619] Estimated Timing Summary | WNS=-0.044 | TNS=-0.902 |
INFO: [Physopt 32-663] Processed net DUV/DATA_PATH/BRANCH_PREDICTOR/BTB_reg[8][tag_n_0_][19].  Re-placed instance DUV/DATA_PATH/BRANCH_PREDICTOR/BTB_reg[8][tag][19]
INFO: [Physopt 32-735] Processed net DUV/DATA_PATH/BRANCH_PREDICTOR/BTB_reg[8][tag_n_0_][19]. Optimization improves timing on the net.
INFO: [Physopt 32-619] Estimated Timing Summary | WNS=-0.044 | TNS=-0.885 |
INFO: [Physopt 32-663] Processed net DUV/DATA_PATH/BRANCH_PREDICTOR/BTB_reg[8][tag_n_0_][22].  Re-placed instance DUV/DATA_PATH/BRANCH_PREDICTOR/BTB_reg[8][tag][22]
INFO: [Physopt 32-735] Processed net DUV/DATA_PATH/BRANCH_PREDICTOR/BTB_reg[8][tag_n_0_][22]. Optimization improves timing on the net.
INFO: [Physopt 32-619] Estimated Timing Summary | WNS=-0.044 | TNS=-0.868 |
INFO: [Physopt 32-619] Estimated Timing Summary | WNS=-0.044 | TNS=-0.868 |
Netlist sorting complete. Time (s): cpu = 00:00:00 ; elapsed = 00:00:00.015 . Memory (MB): peak = 2128.992 ; gain = 0.000
Phase 3 Critical Path Optimization | Checksum: 1788f4512

Time (s): cpu = 00:00:07 ; elapsed = 00:00:04 . Memory (MB): peak = 2128.992 ; gain = 10.211

Phase 4 Critical Path Optimization
INFO: [Physopt 32-619] Estimated Timing Summary | WNS=-0.044 | TNS=-0.868 |
INFO: [Physopt 32-702] Processed net DUV/DATA_PATH/BRANCH_PREDICTOR/BTB_reg[8][tag_n_0_][6]. Optimizations did not improve timing on the net.
INFO: [Physopt 32-702] Processed net PLL_inst/inst/clk_out1_clk_wiz_0. Optimizations did not improve timing on the net.
INFO: [Physopt 32-663] Processed net DUV/DATA_PATH/gen_duplicate[0].ex_i/PC_REG/BRANCH_PREDICTOR/p_0_in__0[8].  Re-placed instance DUV/DATA_PATH/gen_duplicate[0].ex_i/PC_REG/BTB[8][tag][31]_i_2
INFO: [Physopt 32-735] Processed net DUV/DATA_PATH/gen_duplicate[0].ex_i/PC_REG/BRANCH_PREDICTOR/p_0_in__0[8]. Optimization improves timing on the net.
INFO: [Physopt 32-619] Estimated Timing Summary | WNS=-0.041 | TNS=-0.628 |
INFO: [Physopt 32-702] Processed net DUV/DATA_PATH/PROGRAM_COUNTER/Q[29]. Optimizations did not improve timing on the net.
INFO: [Physopt 32-702] Processed net DUV/DATA_PATH/gen_duplicate[0].ex_i/IMM_DATA_REG/q_reg[27]_i_1__1_n_0. Optimizations did not improve timing on the net.
INFO: [Physopt 32-702] Processed net DUV/DATA_PATH/gen_duplicate[0].ex_i/IMM_DATA_REG/q_reg[23]_i_1__1_n_0. Optimizations did not improve timing on the net.
INFO: [Physopt 32-702] Processed net DUV/DATA_PATH/gen_duplicate[0].ex_i/IMM_DATA_REG/q_reg[19]_i_1__1_n_0. Optimizations did not improve timing on the net.
INFO: [Physopt 32-608] Optimized 1 net.  Swapped 26 pins.
INFO: [Physopt 32-735] Processed net DUV/DATA_PATH/gen_duplicate[0].ex_i/PC_REG/branch_taken_out_reg_4[0]. Optimization improves timing on the net.
INFO: [Physopt 32-619] Estimated Timing Summary | WNS=-0.039 | TNS=-0.610 |
INFO: [Physopt 32-663] Processed net DUV/DATA_PATH/BRANCH_PREDICTOR/BTB_reg[10][target][15].  Re-placed instance DUV/DATA_PATH/BRANCH_PREDICTOR/BTB_reg[10][target][15]
INFO: [Physopt 32-735] Processed net DUV/DATA_PATH/BRANCH_PREDICTOR/BTB_reg[10][target][15]. Optimization improves timing on the net.
INFO: [Physopt 32-619] Estimated Timing Summary | WNS=-0.032 | TNS=-0.571 |
INFO: [Physopt 32-702] Processed net DUV/DATA_PATH/gen_duplicate[0].ex_i/IMM_DATA_REG/q_reg[15]_i_1__1_n_0. Optimizations did not improve timing on the net.
INFO: [Physopt 32-702] Processed net DUV/DATA_PATH/gen_duplicate[0].ex_i/IMM_DATA_REG/q_reg[11]_i_1__1_n_0. Optimizations did not improve timing on the net.
INFO: [Physopt 32-702] Processed net DUV/DATA_PATH/gen_duplicate[0].ex_i/IMM_DATA_REG/q_reg[7]_i_1__1_n_0. Optimizations did not improve timing on the net.
INFO: [Physopt 32-702] Processed net DUV/DATA_PATH/gen_duplicate[0].ex_i/IMM_DATA_REG/q_reg[3]_i_1__1_n_0. Optimizations did not improve timing on the net.
INFO: [Physopt 32-608] Optimized 1 net.  Swapped 26 pins.
INFO: [Physopt 32-735] Processed net DUV/DATA_PATH/gen_duplicate[0].ex_i/PC_REG/branch_taken_out_reg_0[0]. Optimization improves timing on the net.
INFO: [Physopt 32-619] Estimated Timing Summary | WNS=-0.027 | TNS=-0.515 |
INFO: [Physopt 32-663] Processed net DUV/DATA_PATH/BRANCH_PREDICTOR/BTB_reg[0][tag_n_0_][19].  Re-placed instance DUV/DATA_PATH/BRANCH_PREDICTOR/BTB_reg[0][tag][19]
INFO: [Physopt 32-735] Processed net DUV/DATA_PATH/BRANCH_PREDICTOR/BTB_reg[0][tag_n_0_][19]. Optimization improves timing on the net.
INFO: [Physopt 32-619] Estimated Timing Summary | WNS=-0.027 | TNS=-0.488 |
INFO: [Physopt 32-663] Processed net DUV/DATA_PATH/BRANCH_PREDICTOR/BTB_reg[0][tag_n_0_][26].  Re-placed instance DUV/DATA_PATH/BRANCH_PREDICTOR/BTB_reg[0][tag][26]
INFO: [Physopt 32-735] Processed net DUV/DATA_PATH/BRANCH_PREDICTOR/BTB_reg[0][tag_n_0_][26]. Optimization improves timing on the net.
INFO: [Physopt 32-619] Estimated Timing Summary | WNS=-0.027 | TNS=-0.461 |
INFO: [Physopt 32-663] Processed net DUV/DATA_PATH/BRANCH_PREDICTOR/BTB_reg[0][tag_n_0_][27].  Re-placed instance DUV/DATA_PATH/BRANCH_PREDICTOR/BTB_reg[0][tag][27]
INFO: [Physopt 32-735] Processed net DUV/DATA_PATH/BRANCH_PREDICTOR/BTB_reg[0][tag_n_0_][27]. Optimization improves timing on the net.
INFO: [Physopt 32-619] Estimated Timing Summary | WNS=-0.027 | TNS=-0.434 |
INFO: [Physopt 32-663] Processed net DUV/DATA_PATH/BRANCH_PREDICTOR/BTB_reg[0][tag_n_0_][28].  Re-placed instance DUV/DATA_PATH/BRANCH_PREDICTOR/BTB_reg[0][tag][28]
INFO: [Physopt 32-735] Processed net DUV/DATA_PATH/BRANCH_PREDICTOR/BTB_reg[0][tag_n_0_][28]. Optimization improves timing on the net.
INFO: [Physopt 32-619] Estimated Timing Summary | WNS=-0.027 | TNS=-0.407 |
INFO: [Physopt 32-663] Processed net DUV/DATA_PATH/BRANCH_PREDICTOR/BTB_reg[0][target][18].  Re-placed instance DUV/DATA_PATH/BRANCH_PREDICTOR/BTB_reg[0][target][18]
INFO: [Physopt 32-735] Processed net DUV/DATA_PATH/BRANCH_PREDICTOR/BTB_reg[0][target][18]. Optimization improves timing on the net.
INFO: [Physopt 32-619] Estimated Timing Summary | WNS=-0.027 | TNS=-0.380 |
INFO: [Physopt 32-663] Processed net DUV/DATA_PATH/BRANCH_PREDICTOR/BTB_reg[0][target][19].  Re-placed instance DUV/DATA_PATH/BRANCH_PREDICTOR/BTB_reg[0][target][19]
INFO: [Physopt 32-735] Processed net DUV/DATA_PATH/BRANCH_PREDICTOR/BTB_reg[0][target][19]. Optimization improves timing on the net.
INFO: [Physopt 32-619] Estimated Timing Summary | WNS=-0.027 | TNS=-0.353 |
INFO: [Physopt 32-702] Processed net DUV/DATA_PATH/BRANCH_PREDICTOR/BTB_reg[0][target][1]. Optimizations did not improve timing on the net.
INFO: [Physopt 32-702] Processed net PLL_inst/inst/clk_out1_clk_wiz_0. Optimizations did not improve timing on the net.
INFO: [Physopt 32-663] Processed net DUV/DATA_PATH/gen_duplicate[0].ex_i/PC_REG/BRANCH_PREDICTOR/p_0_in__0[0].  Re-placed instance DUV/DATA_PATH/gen_duplicate[0].ex_i/PC_REG/BTB[0][tag][31]_i_3
INFO: [Physopt 32-735] Processed net DUV/DATA_PATH/gen_duplicate[0].ex_i/PC_REG/BRANCH_PREDICTOR/p_0_in__0[0]. Optimization improves timing on the net.
INFO: [Physopt 32-619] Estimated Timing Summary | WNS=-0.025 | TNS=-0.271 |
INFO: [Physopt 32-702] Processed net DUV/DATA_PATH/BRANCH_PREDICTOR/BTB_reg[10][tag_n_0_][19]. Optimizations did not improve timing on the net.
INFO: [Physopt 32-663] Processed net DUV/DATA_PATH/gen_duplicate[0].ex_i/PC_REG/BRANCH_PREDICTOR/p_0_in__0[10].  Re-placed instance DUV/DATA_PATH/gen_duplicate[0].ex_i/PC_REG/BTB[10][tag][31]_i_2
INFO: [Physopt 32-735] Processed net DUV/DATA_PATH/gen_duplicate[0].ex_i/PC_REG/BRANCH_PREDICTOR/p_0_in__0[10]. Optimization improves timing on the net.
INFO: [Physopt 32-619] Estimated Timing Summary | WNS=-0.015 | TNS=-0.120 |
INFO: [Physopt 32-702] Processed net DUV/DATA_PATH/BRANCH_PREDICTOR/BTB_reg[12][tag_n_0_][14]. Optimizations did not improve timing on the net.
INFO: [Physopt 32-663] Processed net DUV/DATA_PATH/gen_duplicate[0].ex_i/PC_REG/BRANCH_PREDICTOR/p_0_in__0[12].  Re-placed instance DUV/DATA_PATH/gen_duplicate[0].ex_i/PC_REG/BTB[12][tag][31]_i_2
INFO: [Physopt 32-735] Processed net DUV/DATA_PATH/gen_duplicate[0].ex_i/PC_REG/BRANCH_PREDICTOR/p_0_in__0[12]. Optimization improves timing on the net.
INFO: [Physopt 32-619] Estimated Timing Summary | WNS=0.001 | TNS=0.000 |
INFO: [Physopt 32-619] Estimated Timing Summary | WNS=0.001 | TNS=0.000 |
Netlist sorting complete. Time (s): cpu = 00:00:00 ; elapsed = 00:00:00.014 . Memory (MB): peak = 2128.992 ; gain = 0.000
Phase 4 Critical Path Optimization | Checksum: 19a7ab6ce

Time (s): cpu = 00:00:08 ; elapsed = 00:00:04 . Memory (MB): peak = 2128.992 ; gain = 10.211
Netlist sorting complete. Time (s): cpu = 00:00:00 ; elapsed = 00:00:00.015 . Memory (MB): peak = 2128.992 ; gain = 0.000
INFO: [Physopt 32-603] Post Physical Optimization Timing Summary | WNS=0.001 | TNS=0.000 |

Summary of Physical Synthesis Optimizations
============================================


-------------------------------------------------------------------------------------------------------------------------------------------------------------
|  Optimization   |  WNS Gain (ns)  |  TNS Gain (ns)  |  Added Cells  |  Removed Cells  |  Optimized Cells/Nets  |  Dont Touch  |  Iterations  |  Elapsed   |
-------------------------------------------------------------------------------------------------------------------------------------------------------------
|  DSP Register   |          0.000  |          0.000  |            0  |              0  |                     0  |           0  |           1  |  00:00:00  |
|  Critical Path  |          0.116  |          4.337  |            0  |              0  |                    38  |           0  |           2  |  00:00:02  |
|  Total          |          0.116  |          4.337  |            0  |              0  |                    38  |           0  |           3  |  00:00:02  |
-------------------------------------------------------------------------------------------------------------------------------------------------------------


Netlist sorting complete. Time (s): cpu = 00:00:00 ; elapsed = 00:00:00.012 . Memory (MB): peak = 2128.992 ; gain = 0.000
Ending Physical Synthesis Task | Checksum: 1dd817b31

Time (s): cpu = 00:00:08 ; elapsed = 00:00:05 . Memory (MB): peak = 2128.992 ; gain = 10.211
INFO: [Common 17-83] Releasing license: Implementation
239 Infos, 0 Warnings, 0 Critical Warnings and 0 Errors encountered.
phys_opt_design completed successfully
phys_opt_design: Time (s): cpu = 00:00:18 ; elapsed = 00:00:10 . Memory (MB): peak = 2128.992 ; gain = 19.688
INFO: [Timing 38-480] Writing timing data to binary archive.
Write ShapeDB Complete: Time (s): cpu = 00:00:01 ; elapsed = 00:00:00.098 . Memory (MB): peak = 2134.031 ; gain = 0.000
Wrote PlaceDB: Time (s): cpu = 00:00:06 ; elapsed = 00:00:03 . Memory (MB): peak = 2137.938 ; gain = 3.906
Wrote PulsedLatchDB: Time (s): cpu = 00:00:00 ; elapsed = 00:00:00 . Memory (MB): peak = 2137.938 ; gain = 0.000
Writing XDEF routing.
Writing XDEF routing logical nets.
Writing XDEF routing special nets.
Wrote RouteStorage: Time (s): cpu = 00:00:00 ; elapsed = 00:00:00.039 . Memory (MB): peak = 2137.938 ; gain = 0.000
Wrote Netlist Cache: Time (s): cpu = 00:00:00 ; elapsed = 00:00:00.058 . Memory (MB): peak = 2137.938 ; gain = 0.000
Wrote Device Cache: Time (s): cpu = 00:00:00 ; elapsed = 00:00:00.007 . Memory (MB): peak = 2137.938 ; gain = 0.000
Write Physdb Complete: Time (s): cpu = 00:00:06 ; elapsed = 00:00:03 . Memory (MB): peak = 2137.938 ; gain = 3.906
INFO: [Common 17-1381] The checkpoint 'C:/Users/Bruno/OneDrive/Documents/ENSEIRB/S8/Projet-Thematique/riscv-superscalar/fpga_riscv-superscalar/fpga_riscv-superscalar.runs/impl_1/RISCV_superscalar_fpga_top_physopt.dcp' has been generated.
Command: route_design
Attempting to get a license for feature 'Implementation' and/or device 'xc7a100t'
INFO: [Common 17-349] Got license for feature 'Implementation' and/or device 'xc7a100t'


Starting Routing Task
INFO: [Route 35-254] Multithreading enabled for route_design using a maximum of 2 CPUs

Phase 1 Build RT Design
Checksum: PlaceDB: 2dc2edba ConstDB: 0 ShapeSum: 537eb609 RouteDB: b1d25f96
Post Restoration Checksum: NetGraph: adebc77a | NumContArr: 36c59891 | Constraints: c2a8fa9d | Timing: c2a8fa9d
Phase 1 Build RT Design | Checksum: 26a035545

Time (s): cpu = 00:00:49 ; elapsed = 00:00:41 . Memory (MB): peak = 2245.777 ; gain = 107.840

Phase 2 Router Initialization

Phase 2.1 Fix Topology Constraints
Phase 2.1 Fix Topology Constraints | Checksum: 26a035545

Time (s): cpu = 00:00:50 ; elapsed = 00:00:41 . Memory (MB): peak = 2245.777 ; gain = 107.840

Phase 2.2 Pre Route Cleanup
Phase 2.2 Pre Route Cleanup | Checksum: 26a035545

Time (s): cpu = 00:00:50 ; elapsed = 00:00:41 . Memory (MB): peak = 2245.777 ; gain = 107.840
 Number of Nodes with overlaps = 0

Phase 2.3 Update Timing
Phase 2.3 Update Timing | Checksum: 225ebb360

Time (s): cpu = 00:01:03 ; elapsed = 00:00:49 . Memory (MB): peak = 2303.715 ; gain = 165.777
INFO: [Route 35-416] Intermediate Timing Summary | WNS=0.358  | TNS=0.000  | WHS=-0.286 | THS=-264.120|


Phase 2.4 Soft Constraint Pins - Fast Budgeting
Phase 2.4 Soft Constraint Pins - Fast Budgeting | Checksum: 1b0cd84c4

Time (s): cpu = 00:01:09 ; elapsed = 00:00:53 . Memory (MB): peak = 2329.656 ; gain = 191.719

Router Utilization Summary
  Global Vertical Routing Utilization    = 0 %
  Global Horizontal Routing Utilization  = 0 %
  Routable Net Status*
  *Does not include unroutable nets such as driverless and loadless.
  Run report_route_status for detailed report.
  Number of Failed Nets               = 23509
    (Failed Nets is the sum of unrouted and partially routed nets)
  Number of Unrouted Nets             = 23509
  Number of Partially Routed Nets     = 0
  Number of Node Overlaps             = 0

Phase 2 Router Initialization | Checksum: 23b9cea59

Time (s): cpu = 00:01:10 ; elapsed = 00:00:53 . Memory (MB): peak = 2329.656 ; gain = 191.719

Phase 3 Global Routing
Phase 3 Global Routing | Checksum: 23b9cea59

Time (s): cpu = 00:01:10 ; elapsed = 00:00:53 . Memory (MB): peak = 2329.656 ; gain = 191.719

Phase 4 Initial Routing

Phase 4.1 Initial Net Routing Pass
Phase 4.1 Initial Net Routing Pass | Checksum: 27c040a5e

Time (s): cpu = 00:01:26 ; elapsed = 00:01:02 . Memory (MB): peak = 2329.656 ; gain = 191.719
Phase 4 Initial Routing | Checksum: 27c040a5e

Time (s): cpu = 00:01:26 ; elapsed = 00:01:02 . Memory (MB): peak = 2329.656 ; gain = 191.719
INFO: [Route 35-580] Design has 2 pins with tight setup and hold constraints.

The top 5 pins with tight setup and hold constraints:

+======================+======================+===========================================+
| Launch Setup Clock   | Launch Hold Clock    | Pin                                       |
+======================+======================+===========================================+
| clk_out1_clk_wiz_0_1 | clk_out1_clk_wiz_0_1 | DUV/DATA_PATH/PROGRAM_COUNTER/q_reg[30]/D |
| clk_out1_clk_wiz_0_1 | clk_out1_clk_wiz_0_1 | DUV/DATA_PATH/PROGRAM_COUNTER/q_reg[31]/D |
+----------------------+----------------------+-------------------------------------------+

File with complete list of pins: tight_setup_hold_pins.txt


Phase 5 Rip-up And Reroute

Phase 5.1 Global Iteration 0
 Number of Nodes with overlaps = 8951
 Number of Nodes with overlaps = 1813
 Number of Nodes with overlaps = 694
 Number of Nodes with overlaps = 318
 Number of Nodes with overlaps = 112
 Number of Nodes with overlaps = 37
 Number of Nodes with overlaps = 14
 Number of Nodes with overlaps = 12
 Number of Nodes with overlaps = 2
 Number of Nodes with overlaps = 2
 Number of Nodes with overlaps = 0
INFO: [Route 35-416] Intermediate Timing Summary | WNS=0.212  | TNS=0.000  | WHS=N/A    | THS=N/A    |

Phase 5.1 Global Iteration 0 | Checksum: 257192a61

Time (s): cpu = 00:03:07 ; elapsed = 00:02:09 . Memory (MB): peak = 2329.656 ; gain = 191.719

Phase 5.2 Global Iteration 1
 Number of Nodes with overlaps = 61
 Number of Nodes with overlaps = 35
 Number of Nodes with overlaps = 24
 Number of Nodes with overlaps = 10
 Number of Nodes with overlaps = 5
 Number of Nodes with overlaps = 1
 Number of Nodes with overlaps = 0
INFO: [Route 35-416] Intermediate Timing Summary | WNS=0.244  | TNS=0.000  | WHS=N/A    | THS=N/A    |

Phase 5.2 Global Iteration 1 | Checksum: 2048d3fac

Time (s): cpu = 00:03:17 ; elapsed = 00:02:17 . Memory (MB): peak = 2329.656 ; gain = 191.719
Phase 5 Rip-up And Reroute | Checksum: 2048d3fac

Time (s): cpu = 00:03:18 ; elapsed = 00:02:17 . Memory (MB): peak = 2329.656 ; gain = 191.719

Phase 6 Delay and Skew Optimization

Phase 6.1 Delay CleanUp
Phase 6.1 Delay CleanUp | Checksum: 2048d3fac

Time (s): cpu = 00:03:18 ; elapsed = 00:02:18 . Memory (MB): peak = 2329.656 ; gain = 191.719

Phase 6.2 Clock Skew Optimization
Phase 6.2 Clock Skew Optimization | Checksum: 2048d3fac

Time (s): cpu = 00:03:18 ; elapsed = 00:02:18 . Memory (MB): peak = 2329.656 ; gain = 191.719
Phase 6 Delay and Skew Optimization | Checksum: 2048d3fac

Time (s): cpu = 00:03:18 ; elapsed = 00:02:18 . Memory (MB): peak = 2329.656 ; gain = 191.719

Phase 7 Post Hold Fix

Phase 7.1 Hold Fix Iter
INFO: [Route 35-416] Intermediate Timing Summary | WNS=0.251  | TNS=0.000  | WHS=0.017  | THS=0.000  |

Phase 7.1 Hold Fix Iter | Checksum: 1f9f0d342

Time (s): cpu = 00:03:22 ; elapsed = 00:02:20 . Memory (MB): peak = 2329.656 ; gain = 191.719
Phase 7 Post Hold Fix | Checksum: 1f9f0d342

Time (s): cpu = 00:03:22 ; elapsed = 00:02:20 . Memory (MB): peak = 2329.656 ; gain = 191.719

Phase 8 Route finalize

Router Utilization Summary
  Global Vertical Routing Utilization    = 8.04291 %
  Global Horizontal Routing Utilization  = 9.6612 %
  Routable Net Status*
  *Does not include unroutable nets such as driverless and loadless.
  Run report_route_status for detailed report.
  Number of Failed Nets               = 0
    (Failed Nets is the sum of unrouted and partially routed nets)
  Number of Unrouted Nets             = 0
  Number of Partially Routed Nets     = 0
  Number of Node Overlaps             = 0

Phase 8 Route finalize | Checksum: 1f9f0d342

Time (s): cpu = 00:03:22 ; elapsed = 00:02:20 . Memory (MB): peak = 2329.656 ; gain = 191.719

Phase 9 Verifying routed nets

 Verification completed successfully
Phase 9 Verifying routed nets | Checksum: 1f9f0d342

Time (s): cpu = 00:03:23 ; elapsed = 00:02:20 . Memory (MB): peak = 2329.656 ; gain = 191.719

Phase 10 Depositing Routes
Phase 10 Depositing Routes | Checksum: 2afb80bff

Time (s): cpu = 00:03:26 ; elapsed = 00:02:23 . Memory (MB): peak = 2329.656 ; gain = 191.719

Phase 11 Post Process Routing
Phase 11 Post Process Routing | Checksum: 2afb80bff

Time (s): cpu = 00:03:27 ; elapsed = 00:02:23 . Memory (MB): peak = 2329.656 ; gain = 191.719

Phase 12 Post Router Timing
INFO: [Route 35-57] Estimated Timing Summary | WNS=0.251  | TNS=0.000  | WHS=0.017  | THS=0.000  |

INFO: [Route 35-327] The final timing numbers are based on the router estimated timing analysis. For a complete and accurate timing signoff, please run report_timing_summary.
Phase 12 Post Router Timing | Checksum: 2afb80bff

Time (s): cpu = 00:03:27 ; elapsed = 00:02:23 . Memory (MB): peak = 2329.656 ; gain = 191.719
Total Elapsed time in route_design: 143.285 secs

Phase 13 Post-Route Event Processing
Phase 13 Post-Route Event Processing | Checksum: 126699341

Time (s): cpu = 00:03:27 ; elapsed = 00:02:23 . Memory (MB): peak = 2329.656 ; gain = 191.719
INFO: [Route 35-16] Router Completed Successfully
Ending Routing Task | Checksum: 126699341

Time (s): cpu = 00:03:27 ; elapsed = 00:02:24 . Memory (MB): peak = 2329.656 ; gain = 191.719

Routing Is Done.
INFO: [Common 17-83] Releasing license: Implementation
252 Infos, 0 Warnings, 0 Critical Warnings and 0 Errors encountered.
route_design completed successfully
route_design: Time (s): cpu = 00:03:28 ; elapsed = 00:02:24 . Memory (MB): peak = 2329.656 ; gain = 191.719
INFO: [Vivado 12-24828] Executing command : report_drc -file RISCV_superscalar_fpga_top_drc_routed.rpt -pb RISCV_superscalar_fpga_top_drc_routed.pb -rpx RISCV_superscalar_fpga_top_drc_routed.rpx
Command: report_drc -file RISCV_superscalar_fpga_top_drc_routed.rpt -pb RISCV_superscalar_fpga_top_drc_routed.pb -rpx RISCV_superscalar_fpga_top_drc_routed.rpx
INFO: [IP_Flow 19-1839] IP Catalog is up to date.
INFO: [DRC 23-27] Running DRC with 2 threads
INFO: [Vivado_Tcl 2-168] The results of DRC are in file C:/Users/Bruno/OneDrive/Documents/ENSEIRB/S8/Projet-Thematique/riscv-superscalar/fpga_riscv-superscalar/fpga_riscv-superscalar.runs/impl_1/RISCV_superscalar_fpga_top_drc_routed.rpt.
report_drc completed successfully
report_drc: Time (s): cpu = 00:00:12 ; elapsed = 00:00:07 . Memory (MB): peak = 2329.656 ; gain = 0.000
INFO: [Vivado 12-24828] Executing command : report_methodology -file RISCV_superscalar_fpga_top_methodology_drc_routed.rpt -pb RISCV_superscalar_fpga_top_methodology_drc_routed.pb -rpx RISCV_superscalar_fpga_top_methodology_drc_routed.rpx
Command: report_methodology -file RISCV_superscalar_fpga_top_methodology_drc_routed.rpt -pb RISCV_superscalar_fpga_top_methodology_drc_routed.pb -rpx RISCV_superscalar_fpga_top_methodology_drc_routed.rpx
INFO: [Timing 38-35] Done setting XDC timing constraints.
INFO: [DRC 23-133] Running Methodology with 2 threads
INFO: [Vivado_Tcl 2-1520] The results of Report Methodology are in file C:/Users/Bruno/OneDrive/Documents/ENSEIRB/S8/Projet-Thematique/riscv-superscalar/fpga_riscv-superscalar/fpga_riscv-superscalar.runs/impl_1/RISCV_superscalar_fpga_top_methodology_drc_routed.rpt.
report_methodology completed successfully
report_methodology: Time (s): cpu = 00:00:31 ; elapsed = 00:00:17 . Memory (MB): peak = 2372.812 ; gain = 43.156
INFO: [Vivado 12-24828] Executing command : report_timing_summary -max_paths 10 -routable_nets -report_unconstrained -file RISCV_superscalar_fpga_top_timing_summary_routed.rpt -pb RISCV_superscalar_fpga_top_timing_summary_routed.pb -rpx RISCV_superscalar_fpga_top_timing_summary_routed.rpx -warn_on_violation 
INFO: [Timing 38-35] Done setting XDC timing constraints.
INFO: [Timing 38-91] UpdateTimingParams: Speed grade: -1, Delay Type: min_max.
INFO: [Timing 38-191] Multithreading enabled for timing update using a maximum of 2 CPUs
INFO: [Vivado 12-24838] Running report commands "report_incremental_reuse, report_route_status" in parallel.
Running report generation with 2 threads.
INFO: [Vivado 12-24828] Executing command : report_incremental_reuse -file RISCV_superscalar_fpga_top_incremental_reuse_routed.rpt
INFO: [Vivado_Tcl 4-1062] Incremental flow is disabled. No incremental reuse Info to report.
INFO: [Vivado 12-24828] Executing command : report_route_status -file RISCV_superscalar_fpga_top_route_status.rpt -pb RISCV_superscalar_fpga_top_route_status.pb
INFO: [Vivado 12-24828] Executing command : report_power -file RISCV_superscalar_fpga_top_power_routed.rpt -pb RISCV_superscalar_fpga_top_power_summary_routed.pb -rpx RISCV_superscalar_fpga_top_power_routed.rpx
Command: report_power -file RISCV_superscalar_fpga_top_power_routed.rpt -pb RISCV_superscalar_fpga_top_power_summary_routed.pb -rpx RISCV_superscalar_fpga_top_power_routed.rpx
Running Vector-less Activity Propagation...

Finished Running Vector-less Activity Propagation
WARNING: [Power 33-332] Found switching activity that implies high-fanout reset nets being asserted for excessive periods of time which may result in inaccurate power analysis.
Resolution: To review and fix problems, please run Power Constraints Advisor in the GUI from Tools > Power Constraints Advisor or run report_power with the -advisory option to generate a text report.
269 Infos, 1 Warnings, 0 Critical Warnings and 0 Errors encountered.
report_power completed successfully
report_power: Time (s): cpu = 00:00:16 ; elapsed = 00:00:11 . Memory (MB): peak = 2417.102 ; gain = 44.289
INFO: [Vivado 12-24828] Executing command : report_clock_utilization -file RISCV_superscalar_fpga_top_clock_utilization_routed.rpt
INFO: [Vivado 12-24828] Executing command : report_bus_skew -warn_on_violation -file RISCV_superscalar_fpga_top_bus_skew_routed.rpt -pb RISCV_superscalar_fpga_top_bus_skew_routed.pb -rpx RISCV_superscalar_fpga_top_bus_skew_routed.rpx
INFO: [Timing 38-91] UpdateTimingParams: Speed grade: -1, Delay Type: min_max.
INFO: [Timing 38-191] Multithreading enabled for timing update using a maximum of 2 CPUs
generate_parallel_reports: Time (s): cpu = 00:01:08 ; elapsed = 00:00:40 . Memory (MB): peak = 2421.027 ; gain = 91.371
INFO: [Timing 38-480] Writing timing data to binary archive.
Write ShapeDB Complete: Time (s): cpu = 00:00:00 ; elapsed = 00:00:00.105 . Memory (MB): peak = 2438.090 ; gain = 2.590
Wrote PlaceDB: Time (s): cpu = 00:00:06 ; elapsed = 00:00:03 . Memory (MB): peak = 2446.320 ; gain = 10.762
Wrote PulsedLatchDB: Time (s): cpu = 00:00:00 ; elapsed = 00:00:00 . Memory (MB): peak = 2446.320 ; gain = 0.000
Writing XDEF routing.
Writing XDEF routing logical nets.
Writing XDEF routing special nets.
Wrote RouteStorage: Time (s): cpu = 00:00:01 ; elapsed = 00:00:00.473 . Memory (MB): peak = 2446.320 ; gain = 0.000
Wrote Netlist Cache: Time (s): cpu = 00:00:00 ; elapsed = 00:00:00.058 . Memory (MB): peak = 2446.320 ; gain = 0.000
Wrote Device Cache: Time (s): cpu = 00:00:00 ; elapsed = 00:00:00.007 . Memory (MB): peak = 2446.320 ; gain = 0.000
Write Physdb Complete: Time (s): cpu = 00:00:07 ; elapsed = 00:00:03 . Memory (MB): peak = 2446.320 ; gain = 10.762
INFO: [Common 17-1381] The checkpoint 'C:/Users/Bruno/OneDrive/Documents/ENSEIRB/S8/Projet-Thematique/riscv-superscalar/fpga_riscv-superscalar/fpga_riscv-superscalar.runs/impl_1/RISCV_superscalar_fpga_top_routed.dcp' has been generated.
Command: write_bitstream -force RISCV_superscalar_fpga_top.bit
Attempting to get a license for feature 'Implementation' and/or device 'xc7a100t'
INFO: [Common 17-349] Got license for feature 'Implementation' and/or device 'xc7a100t'
Running DRC as a precondition to command write_bitstream
INFO: [IP_Flow 19-1839] IP Catalog is up to date.
INFO: [DRC 23-27] Running DRC with 2 threads
INFO: [Vivado 12-3199] DRC finished with 0 Errors
INFO: [Vivado 12-3200] Please refer to the DRC report (report_drc) for more information.
INFO: [Designutils 20-2272] Running write_bitstream with 2 threads.
Loading data files...
Loading site data...
Loading route data...
Processing options...
Creating bitmap...
Creating bitstream...
Writing bitstream ./RISCV_superscalar_fpga_top.bit...
INFO: [Vivado 12-1842] Bitgen Completed Successfully.
INFO: [Project 1-1876] WebTalk data collection is mandatory when using a ULT device. To see the specific WebTalk data collected for your design, open the usage_statistics_webtalk.html or usage_statistics_webtalk.xml file in the implementation directory.
INFO: [Common 17-83] Releasing license: Implementation
284 Infos, 1 Warnings, 0 Critical Warnings and 0 Errors encountered.
write_bitstream completed successfully
write_bitstream: Time (s): cpu = 00:00:46 ; elapsed = 00:00:29 . Memory (MB): peak = 2971.516 ; gain = 525.195
INFO: [Common 17-206] Exiting Vivado at Sun May 10 16:01:12 2026...
