###############################################################
#  Generated by:      Cadence Encounter 13.13-s017_1
#  OS:                Linux x86_64(Host ID hamster)
#  Generated on:      Mon May 11 10:34:56 2026
#  Design:            RISCV_superscalar
#  Command:           verifyProcessAntenna
###############################################################
DATA_PATH/wb_i_1/FE_PHN11332_data_i_1__12 (2)
  DATA_PATH/wb_i_1/FE_PHC11178_data_i_1__12  (CLKBU2) A
[1]      MET1:  Area:   78.41  S.Area:  208.14  G.Area:    0.42  D.Area:    0.00
                Fact:    1.00     PAR:  495.58   Ratio:  400.00       (S.Area)
FE_OCPN10799_DATA_PATH_operand2_1__23 (3)
  FE_OCPC8148_DATA_PATH_operand2_1__23  (CLKBU2) A
[1]      MET2:  Area:  197.58  S.Area:  422.40  G.Area:    0.42  D.Area:    0.00
                Fact:    1.00     PAR: 1005.71   Ratio:  400.00       (S.Area)
DATA_PATH/ALU_i_0/FE_OCPN10292_DATA_PATH_operand1_0__29 (4)
  DATA_PATH/ALU_i_0/FE_OCPC9184_DATA_PATH_operand1_0__29  (BUF2) A
[1]      MET2:  Area:  112.18  S.Area:  239.81  G.Area:    0.46  D.Area:    0.00
                Fact:    1.00     PAR:  527.05   Ratio:  400.00       (S.Area)
FE_OCPN9042_n544 (9)
  DATA_PATH/ALU_i_1/U1227  (NAND20) B
[1]      MET2:  Area:  223.09  S.Area:  476.22  G.Area:    0.63  D.Area:    0.00
                Fact:    1.00     PAR:  755.91   Ratio:  400.00       (S.Area)
DATA_PATH/ALU_i_0/FE_OCPN9034_DATA_PATH_operand1_0__13 (3)
  DATA_PATH/ALU_i_0/FE_OCPC3479_n167  (CLKBU2) A
[1]      MET2:  Area:  184.66  S.Area:  394.24  G.Area:    0.42  D.Area:    0.00
                Fact:    1.00     PAR:  938.67   Ratio:  400.00       (S.Area)
FE_OCPN8322_DATA_PATH_operand1_0__7 (6)
  DATA_PATH/ALU_i_0/FE_OCPC10384_DATA_PATH_operand1_0__7  (BUF2) A
[1]      MET2:  Area:   88.90  S.Area:  189.95  G.Area:    0.46  D.Area:    0.00
                Fact:    1.00     PAR:  417.48   Ratio:  400.00       (S.Area)
DATA_PATH/REGISTER_FILE/FE_OFN7235_n5933 (9)
  DATA_PATH/REGISTER_FILE/U411  (AOI220) C
[1]      MET2:  Area:  199.23  S.Area:  425.92  G.Area:    0.91  D.Area:    0.00
                Fact:    1.00     PAR:  468.04   Ratio:  400.00       (S.Area)
DATA_PATH/REGISTER_FILE/FE_OFN7179_n5476 (12)
  DATA_PATH/REGISTER_FILE/U4384  (AOI221) B
[1]      MET2:  Area:  554.65  S.Area: 1185.15  G.Area:    1.82  D.Area:    0.00
                Fact:    1.00     PAR:  651.18   Ratio:  400.00       (S.Area)
DATA_PATH/REGISTER_FILE/FE_OFN7078_n5477 (3)
  DATA_PATH/REGISTER_FILE/U5535  (AOI220) D
[1]      MET2:  Area:  173.04  S.Area:  370.24  G.Area:    0.91  D.Area:    0.00
                Fact:    1.00     PAR:  406.86   Ratio:  400.00       (S.Area)
DATA_PATH/REGISTER_FILE/FE_OFN1738_n2742 (17)
  DATA_PATH/REGISTER_FILE/U977  (AOI220) C
[1]      MET2:  Area:  217.36  S.Area:  464.00  G.Area:    0.91  D.Area:    0.00
                Fact:    1.00     PAR:  509.89   Ratio:  400.00       (S.Area)
DATA_PATH/REGISTER_FILE/FE_OFN1722_n2639 (13)
  DATA_PATH/REGISTER_FILE/U4024  (AOI220) B
[1]      MET2:  Area:  209.50  S.Area:  446.85  G.Area:    0.91  D.Area:    0.00
                Fact:    1.00     PAR:  491.04   Ratio:  400.00       (S.Area)
DATA_PATH/REGISTER_FILE/FE_OFN1718_n2603 (8)
  DATA_PATH/REGISTER_FILE/U1620  (AOI220) B
[1]      MET2:  Area:  194.45  S.Area:  416.32  G.Area:    0.91  D.Area:    0.00
                Fact:    1.00     PAR:  457.49   Ratio:  400.00       (S.Area)
DATA_PATH/REGISTER_FILE/FE_OFN1706_n2532 (12)
  DATA_PATH/REGISTER_FILE/U3946  (AOI220) B
[1]      MET2:  Area:  188.08  S.Area:  401.54  G.Area:    0.91  D.Area:    0.00
                Fact:    1.00     PAR:  441.25   Ratio:  400.00       (S.Area)
DATA_PATH/REGISTER_FILE/FE_OFN1698_n2468 (10)
  DATA_PATH/REGISTER_FILE/U2339  (AOI220) B
[1]      MET2:  Area:  238.09  S.Area:  509.82  G.Area:    0.91  D.Area:    0.00
                Fact:    1.00     PAR:  560.25   Ratio:  400.00       (S.Area)
DATA_PATH/REGISTER_FILE/FE_OFN1574_n3112 (17)
  DATA_PATH/REGISTER_FILE/U4152  (AOI220) B
[1]      MET2:  Area:  299.44  S.Area:  639.10  G.Area:    0.91  D.Area:    0.00
                Fact:    1.00     PAR:  702.31   Ratio:  400.00       (S.Area)
DATA_PATH/REGISTER_FILE/FE_OFN1559_n3013 (5)
  DATA_PATH/REGISTER_FILE/U4063  (AOI220) D
[1]      MET2:  Area:  201.75  S.Area:  431.10  G.Area:    0.91  D.Area:    0.00
                Fact:    1.00     PAR:  473.74   Ratio:  400.00       (S.Area)
DATA_PATH/REGISTER_FILE/FE_OFN1557_n2985 (14)
  DATA_PATH/REGISTER_FILE/U1900  (AOI220) B
[1]      MET2:  Area:  176.56  S.Area:  380.03  G.Area:    0.91  D.Area:    0.00
                Fact:    1.00     PAR:  417.62   Ratio:  400.00       (S.Area)
DATA_PATH/REGISTER_FILE/FE_OFN1551_n2942 (8)
  DATA_PATH/REGISTER_FILE/U2932  (AOI220) C
[1]      MET2:  Area:  297.66  S.Area:  637.70  G.Area:    0.91  D.Area:    0.00
                Fact:    1.00     PAR:  700.76   Ratio:  400.00       (S.Area)
DATA_PATH/REGISTER_FILE/FE_OFN1172_n2166 (10)
  DATA_PATH/REGISTER_FILE/U1152  (OAI210) B
[1]      MET2:  Area:  221.22  S.Area:  472.83  G.Area:    0.91  D.Area:    0.00
                Fact:    1.00     PAR:  519.60   Ratio:  400.00       (S.Area)
FE_OFN149_DATA_PATH_imm_data_EX_0__10 (7)
  DATA_PATH/mem_i_0/CSR_reg/q_reg_10  (DFC1) D
[1]      MET2:  Area:  237.29  S.Area:  507.52  G.Area:    0.91  D.Area:    0.00
                Fact:    1.00     PAR:  557.71   Ratio:  400.00       (S.Area)
FE_OFN62_dataAddress_1__26 (6)
  FE_OFC10693_dataAddress_1__26  (BUF2) A
[1]      MET2:  Area:  116.80  S.Area:  249.47  G.Area:    0.46  D.Area:    0.00
                Fact:    1.00     PAR:  548.29   Ratio:  400.00       (S.Area)
instruction_55 (2)
  DATA_PATH/id_i_1/FE_PHC11621_instruction_55  (BUF2) A
[1]      MET2:  Area:  105.96  S.Area:  227.14  G.Area:    0.46  D.Area:    0.00
                Fact:    1.00     PAR:  499.20   Ratio:  400.00       (S.Area)
DATA_PATH/readData1_EX_1][15 (4)
  FE_OFC7006_DATA_PATH_readData1_EX_1__15  (BUF2) A
[1]      MET2:  Area:  173.92  S.Area:  371.33  G.Area:    0.46  D.Area:    0.00
                Fact:    1.00     PAR:  816.11   Ratio:  400.00       (S.Area)
DATA_PATH/readData1_EX_1][23 (3)
  FE_OFC99_DATA_PATH_readData1_EX_1__23  (BUF2) A
[1]      MET2:  Area:   89.32  S.Area:  191.04  G.Area:    0.46  D.Area:    0.00
                Fact:    1.00     PAR:  419.87   Ratio:  400.00       (S.Area)
DATA_PATH/ce_pc_hazard (2)
  FE_OFC7291_DATA_PATH_ce_pc_hazard  (BUF2) A
[1]      MET2:  Area:  174.94  S.Area:  373.70  G.Area:    0.46  D.Area:    0.00
                Fact:    1.00     PAR:  821.31   Ratio:  400.00       (S.Area)
n2161 (2)
  DATA_PATH/mem_i_0/Write_data_REG/q_reg_17  (DFC1) D
[1]      MET2:  Area:  196.24  S.Area:  419.14  G.Area:    0.91  D.Area:    0.00
                Fact:    1.00     PAR:  460.59   Ratio:  400.00       (S.Area)
DATA_PATH/ex_i_0/n149 (2)
  DATA_PATH/ex_i_0/IMM_DATA_REG/q_reg_12  (DFC3) D
[1]      MET2:  Area:  256.78  S.Area:  548.29  G.Area:    0.91  D.Area:    0.00
                Fact:    1.00     PAR:  602.51   Ratio:  400.00       (S.Area)
DATA_PATH/REGISTER_FILE/reg_4][20 (6)
  DATA_PATH/REGISTER_FILE/U3579  (AOI220) C
[1]      MET2:  Area:  176.60  S.Area:  378.24  G.Area:    0.91  D.Area:    0.00
                Fact:    1.00     PAR:  415.65   Ratio:  400.00       (S.Area)
DATA_PATH/REGISTER_FILE/n2026 (2)
  DATA_PATH/REGISTER_FILE/FE_OFC1168_n2026  (CLKBU6) A
[1]      MET2:  Area:  312.22  S.Area:  668.35  G.Area:    1.26  D.Area:    0.00
                Fact:    1.00     PAR:  530.44   Ratio:  400.00       (S.Area)
DATA_PATH/REGISTER_FILE/n2638 (3)
  DATA_PATH/REGISTER_FILE/FE_OFC10713_n2638  (BUF2) A
[1]      MET2:  Area:   92.74  S.Area:  198.34  G.Area:    0.46  D.Area:    0.00
                Fact:    1.00     PAR:  435.90   Ratio:  400.00       (S.Area)

Total number of process antenna violations: 30
   Number of pins violated: 30
   Number of nets violated: 30
